

Started GET "/users/" for 127.0.0.1 at 2011-05-14 07:49:22 +0900

ActionController::RoutingError (No route matches "/users"):
  

Rendered /home/akiraabe/.rvm/gems/ruby-1.9.2-p180/gems/actionpack-3.0.7/lib/action_dispatch/middleware/templates/rescues/routing_error.erb within rescues/layout (1.4ms)
  [1m[36mSQL (15.3ms)[0m  [1m SELECT name
 FROM sqlite_master
 WHERE type = 'table' AND NOT name = 'sqlite_sequence'
[0m
  [1m[35mSQL (0.2ms)[0m  select sqlite_version(*)
  [1m[36mSQL (55.4ms)[0m  [1mCREATE TABLE "schema_migrations" ("version" varchar(255) NOT NULL) [0m
  [1m[35mSQL (0.1ms)[0m  PRAGMA index_list("schema_migrations")
  [1m[36mSQL (10.8ms)[0m  [1mCREATE UNIQUE INDEX "unique_schema_migrations" ON "schema_migrations" ("version")[0m
  [1m[35mSQL (0.2ms)[0m   SELECT name
 FROM sqlite_master
 WHERE type = 'table' AND NOT name = 'sqlite_sequence'
  [1m[36mSQL (0.2ms)[0m  [1m SELECT name
 FROM sqlite_master
 WHERE type = 'table' AND NOT name = 'sqlite_sequence'
[0m
  [1m[35mSQL (0.4ms)[0m  SELECT "schema_migrations"."version" FROM "schema_migrations"
Migrating to DeviseCreateUsers (20110513224719)
  [1m[36mSQL (0.9ms)[0m  [1mCREATE TABLE "users" ("id" INTEGER PRIMARY KEY AUTOINCREMENT NOT NULL, "email" varchar(255) DEFAULT '' NOT NULL, "encrypted_password" varchar(128) DEFAULT '' NOT NULL, "reset_password_token" varchar(255), "reset_password_sent_at" datetime, "remember_created_at" datetime, "sign_in_count" integer DEFAULT 0, "current_sign_in_at" datetime, "last_sign_in_at" datetime, "current_sign_in_ip" varchar(255), "last_sign_in_ip" varchar(255), "created_at" datetime, "updated_at" datetime) [0m
  [1m[35mSQL (0.1ms)[0m  PRAGMA index_list("users")
  [1m[36mSQL (0.4ms)[0m  [1mCREATE UNIQUE INDEX "index_users_on_email" ON "users" ("email")[0m
  [1m[35mSQL (0.2ms)[0m  PRAGMA index_list("users")
  [1m[36mSQL (0.2ms)[0m  [1mPRAGMA index_info('index_users_on_email')[0m
  [1m[35mSQL (0.1ms)[0m  CREATE UNIQUE INDEX "index_users_on_reset_password_token" ON "users" ("reset_password_token")
  [1m[36mSQL (0.2ms)[0m  [1mINSERT INTO "schema_migrations" ("version") VALUES ('20110513224719')[0m
  [1m[35mSQL (0.4ms)[0m   SELECT name
 FROM sqlite_master
 WHERE type = 'table' AND NOT name = 'sqlite_sequence'
  [1m[36mSQL (0.5ms)[0m  [1mSELECT "schema_migrations"."version" FROM "schema_migrations"[0m
  [1m[35mSQL (0.3ms)[0m   SELECT name
 FROM sqlite_master
 WHERE type = 'table' AND NOT name = 'sqlite_sequence'
  [1m[36mSQL (0.1ms)[0m  [1mPRAGMA index_list("users")[0m
  [1m[35mSQL (0.1ms)[0m  PRAGMA index_info('index_users_on_reset_password_token')
  [1m[36mSQL (0.1ms)[0m  [1mPRAGMA index_info('index_users_on_email')[0m


Started GET "/users/" for 127.0.0.1 at 2011-05-14 07:54:19 +0900

ActionController::RoutingError (No route matches "/users"):
  

Rendered /home/akiraabe/.rvm/gems/ruby-1.9.2-p180/gems/actionpack-3.0.7/lib/action_dispatch/middleware/templates/rescues/routing_error.erb within rescues/layout (1.0ms)


Started GET "/users/sign_in" for 127.0.0.1 at 2011-05-14 07:54:26 +0900
  Processing by Devise::SessionsController#new as HTML
Rendered devise/shared/_links.erb (2.0ms)
Rendered devise/sessions/new.html.erb within layouts/application (99.7ms)
Completed 200 OK in 194ms (Views: 108.8ms | ActiveRecord: 0.0ms)


Started GET "/users/sign_up" for 127.0.0.1 at 2011-05-14 07:55:58 +0900
  Processing by Devise::RegistrationsController#new as HTML
Rendered devise/shared/_links.erb (2.3ms)
Rendered devise/registrations/new.html.erb within layouts/application (35.6ms)
Completed 200 OK in 89ms (Views: 50.5ms | ActiveRecord: 0.0ms)


Started GET "/users/password/new" for 127.0.0.1 at 2011-05-14 07:56:06 +0900
  Processing by Devise::PasswordsController#new as HTML
Rendered devise/shared/_links.erb (8.2ms)
Rendered devise/passwords/new.html.erb within layouts/application (35.0ms)
Completed 200 OK in 71ms (Views: 46.8ms | ActiveRecord: 0.0ms)


Started GET "/users/sign_up" for 127.0.0.1 at 2011-05-14 07:56:11 +0900
  Processing by Devise::RegistrationsController#new as HTML
Rendered devise/shared/_links.erb (1.3ms)
Rendered devise/registrations/new.html.erb within layouts/application (131.4ms)
Completed 200 OK in 165ms (Views: 139.6ms | ActiveRecord: 0.0ms)


Started GET "/users/sign_in" for 127.0.0.1 at 2011-05-14 07:56:14 +0900
  Processing by Devise::SessionsController#new as HTML
Rendered devise/shared/_links.erb (3.5ms)
Rendered devise/sessions/new.html.erb within layouts/application (11.7ms)
Completed 200 OK in 79ms (Views: 19.3ms | ActiveRecord: 0.0ms)


Started GET "/users/sign_up" for 127.0.0.1 at 2011-05-14 07:59:05 +0900
  Processing by Devise::RegistrationsController#new as HTML
Rendered devise/shared/_links.erb (2.5ms)
Rendered devise/registrations/new.html.erb within layouts/application (32.5ms)
Completed 200 OK in 74ms (Views: 50.3ms | ActiveRecord: 0.0ms)


Started POST "/users" for 127.0.0.1 at 2011-05-14 07:59:18 +0900
  Processing by Devise::RegistrationsController#create as HTML
  Parameters: {"utf8"=>"✓", "authenticity_token"=>"sKElaC7DHqJZTSoBuSKu0kTwwggoDr0j0FnDZ1EqQHU=", "user"=>{"email"=>"akiraabe2005@yahoo.co.jp", "password"=>"[FILTERED]", "password_confirmation"=>"[FILTERED]"}, "commit"=>"Sign up"}
  [1m[36mSQL (0.5ms)[0m  [1mSELECT 1 FROM "users" WHERE ("users"."email" = 'akiraabe2005@yahoo.co.jp') LIMIT 1[0m
  [1m[35mSQL (1.9ms)[0m   SELECT name
 FROM sqlite_master
 WHERE type = 'table' AND NOT name = 'sqlite_sequence'
  [1m[36mAREL (0.4ms)[0m  [1mINSERT INTO "users" ("email", "encrypted_password", "reset_password_token", "reset_password_sent_at", "remember_created_at", "sign_in_count", "current_sign_in_at", "last_sign_in_at", "current_sign_in_ip", "last_sign_in_ip", "created_at", "updated_at") VALUES ('akiraabe2005@yahoo.co.jp', '$2a$10$Zf2u5KNkWSMOBoz801hYvOUKLE9cov.63cH7sN3VJqrBfDZKbKf9S', NULL, NULL, NULL, 0, NULL, NULL, NULL, NULL, '2011-05-13 22:59:18.738767', '2011-05-13 22:59:18.738767')[0m
  [1m[35mAREL (2.5ms)[0m  UPDATE "users" SET "last_sign_in_at" = '2011-05-13 22:59:18.882926', "current_sign_in_at" = '2011-05-13 22:59:18.882926', "last_sign_in_ip" = '127.0.0.1', "current_sign_in_ip" = '127.0.0.1', "sign_in_count" = 1, "updated_at" = '2011-05-13 22:59:18.883579' WHERE "users"."id" = 1
Completed   in 724ms

NameError (undefined local variable or method `root_path' for #<Devise::RegistrationsController:0xa1bc948>):
  

Rendered /home/akiraabe/.rvm/gems/ruby-1.9.2-p180/gems/actionpack-3.0.7/lib/action_dispatch/middleware/templates/rescues/_trace.erb (1.6ms)
Rendered /home/akiraabe/.rvm/gems/ruby-1.9.2-p180/gems/actionpack-3.0.7/lib/action_dispatch/middleware/templates/rescues/_request_and_response.erb (14.1ms)
Rendered /home/akiraabe/.rvm/gems/ruby-1.9.2-p180/gems/actionpack-3.0.7/lib/action_dispatch/middleware/templates/rescues/diagnostics.erb within rescues/layout (29.1ms)


Started GET "/users/sign_in" for 127.0.0.1 at 2011-05-14 07:59:35 +0900
  Processing by Devise::SessionsController#new as HTML
Rendered devise/shared/_links.erb (1.9ms)
Rendered devise/sessions/new.html.erb within layouts/application (23.2ms)
Completed 200 OK in 76ms (Views: 38.6ms | ActiveRecord: 5.2ms)


Started POST "/users/sign_in" for 127.0.0.1 at 2011-05-14 07:59:50 +0900
  Processing by Devise::SessionsController#create as HTML
  Parameters: {"utf8"=>"✓", "authenticity_token"=>"sKElaC7DHqJZTSoBuSKu0kTwwggoDr0j0FnDZ1EqQHU=", "user"=>{"email"=>"akiraabe2005@yahoo.co.jp", "password"=>"[FILTERED]", "remember_me"=>"0"}, "commit"=>"Sign in"}
  [1m[36mUser Load (0.9ms)[0m  [1mSELECT "users".* FROM "users" WHERE "users"."email" = 'akiraabe2005@yahoo.co.jp' LIMIT 1[0m
  [1m[35mAREL (0.6ms)[0m  UPDATE "users" SET "current_sign_in_at" = '2011-05-13 22:59:50.650230', "sign_in_count" = 2, "updated_at" = '2011-05-13 22:59:50.651197' WHERE "users"."id" = 1
Completed   in 353ms

NameError (undefined local variable or method `root_path' for #<Devise::SessionsController:0xa91b630>):
  

Rendered /home/akiraabe/.rvm/gems/ruby-1.9.2-p180/gems/actionpack-3.0.7/lib/action_dispatch/middleware/templates/rescues/_trace.erb (8.7ms)
Rendered /home/akiraabe/.rvm/gems/ruby-1.9.2-p180/gems/actionpack-3.0.7/lib/action_dispatch/middleware/templates/rescues/_request_and_response.erb (8.6ms)
Rendered /home/akiraabe/.rvm/gems/ruby-1.9.2-p180/gems/actionpack-3.0.7/lib/action_dispatch/middleware/templates/rescues/diagnostics.erb within rescues/layout (35.3ms)
  [1m[36mUser Load (4.0ms)[0m  [1mSELECT "users".* FROM "users"[0m
  [1m[36mSQL (3.5ms)[0m  [1m SELECT name
 FROM sqlite_master
 WHERE type = 'table' AND NOT name = 'sqlite_sequence'
[0m
  [1m[35mSQL (0.2ms)[0m   SELECT name
 FROM sqlite_master
 WHERE type = 'table' AND NOT name = 'sqlite_sequence'
  [1m[36mSQL (0.2ms)[0m  [1mSELECT "schema_migrations"."version" FROM "schema_migrations"[0m
Migrating to DeviseCreateUsers (20110513224719)
Migrating to CreatePeople (20110513231211)
  [1m[35mSQL (0.1ms)[0m  select sqlite_version(*)
  [1m[36mSQL (1.0ms)[0m  [1mCREATE TABLE "people" ("id" INTEGER PRIMARY KEY AUTOINCREMENT NOT NULL, "user_name" varchar(255), "user_id" integer, "created_at" datetime, "updated_at" datetime) [0m
  [1m[35mSQL (1.5ms)[0m  INSERT INTO "schema_migrations" ("version") VALUES ('20110513231211')
  [1m[36mSQL (0.4ms)[0m  [1m SELECT name
 FROM sqlite_master
 WHERE type = 'table' AND NOT name = 'sqlite_sequence'
[0m
  [1m[35mSQL (0.2ms)[0m  SELECT "schema_migrations"."version" FROM "schema_migrations"
  [1m[36mSQL (0.2ms)[0m  [1m SELECT name
 FROM sqlite_master
 WHERE type = 'table' AND NOT name = 'sqlite_sequence'
[0m
  [1m[35mSQL (0.1ms)[0m  PRAGMA index_list("people")
  [1m[36mSQL (0.1ms)[0m  [1mPRAGMA index_list("users")[0m
  [1m[35mSQL (0.1ms)[0m  PRAGMA index_info('index_users_on_reset_password_token')
  [1m[36mSQL (0.1ms)[0m  [1mPRAGMA index_info('index_users_on_email')[0m


Started GET "/people/new" for 127.0.0.1 at 2011-05-14 08:14:54 +0900
  Processing by PeopleController#new as HTML
Rendered people/_form.html.erb (10.6ms)
Rendered people/new.html.erb within layouts/application (16.7ms)
Completed 200 OK in 82ms (Views: 26.9ms | ActiveRecord: 0.0ms)


Started POST "/people" for 127.0.0.1 at 2011-05-14 08:15:01 +0900
  Processing by PeopleController#create as HTML
  Parameters: {"utf8"=>"✓", "authenticity_token"=>"sKElaC7DHqJZTSoBuSKu0kTwwggoDr0j0FnDZ1EqQHU=", "person"=>{"user_name"=>"akiraabe", "user_id"=>"1"}, "commit"=>"Create Person"}
  [1m[36mSQL (0.3ms)[0m  [1m SELECT name
 FROM sqlite_master
 WHERE type = 'table' AND NOT name = 'sqlite_sequence'
[0m
  [1m[35mAREL (0.7ms)[0m  INSERT INTO "people" ("user_name", "user_id", "created_at", "updated_at") VALUES ('akiraabe', 1, '2011-05-13 23:15:01.318270', '2011-05-13 23:15:01.318270')
Redirected to http://localhost:3000/people/1
Completed 302 Found in 159ms


Started GET "/people/1" for 127.0.0.1 at 2011-05-14 08:15:01 +0900
  Processing by PeopleController#show as HTML
  Parameters: {"id"=>"1"}
  [1m[36mSQL (1.2ms)[0m  [1m SELECT name
 FROM sqlite_master
 WHERE type = 'table' AND NOT name = 'sqlite_sequence'
[0m
  [1m[35mPerson Load (0.6ms)[0m  SELECT "people".* FROM "people" WHERE "people"."id" = 1 LIMIT 1
  [1m[36mUser Load (1.1ms)[0m  [1mSELECT "users".* FROM "users" WHERE "users"."id" = 1 LIMIT 1[0m
Rendered people/show.html.erb within layouts/application (84.0ms)
Completed 200 OK in 118ms (Views: 92.1ms | ActiveRecord: 3.9ms)


Started GET "/people/1" for 127.0.0.1 at 2011-05-14 08:31:19 +0900

ArgumentError (missing :action):
  config/routes.rb:3:in `block in <top (required)>'
  config/routes.rb:1:in `<top (required)>'

Rendered /home/akiraabe/.rvm/gems/ruby-1.9.2-p180/gems/actionpack-3.0.7/lib/action_dispatch/middleware/templates/rescues/_trace.erb (11.9ms)
Rendered /home/akiraabe/.rvm/gems/ruby-1.9.2-p180/gems/actionpack-3.0.7/lib/action_dispatch/middleware/templates/rescues/_request_and_response.erb (1.3ms)
Rendered /home/akiraabe/.rvm/gems/ruby-1.9.2-p180/gems/actionpack-3.0.7/lib/action_dispatch/middleware/templates/rescues/diagnostics.erb within rescues/layout (18.4ms)


Started GET "/people/1" for 127.0.0.1 at 2011-05-14 08:32:12 +0900
  Processing by PeopleController#show as HTML
  Parameters: {"id"=>"1"}
Completed   in 2ms


Started GET "/users/sign_in" for 127.0.0.1 at 2011-05-14 08:32:12 +0900
  Processing by Devise::SessionsController#new as HTML
Rendered devise/shared/_links.erb (8.2ms)
Rendered devise/sessions/new.html.erb within layouts/application (247.2ms)
Completed   in 340ms

ActionView::Template::Error (undefined local variable or method `top_pages_path' for #<#<Class:0xa246f1c>:0xa23be00>):
    8: </head>
    9: <body>
    10: <%= link_to('Sign out', [ :destroy, current_user, :session ], :class => 'signOut') if current_user %>
    11: <%= link_to 'Top page', top_pages_path %>
    12: 
    13: <%= yield %>
    14: 
  app/views/layouts/application.html.erb:11:in `_app_views_layouts_application_html_erb___171009284_85001160_391738963'

Rendered /home/akiraabe/.rvm/gems/ruby-1.9.2-p180/gems/actionpack-3.0.7/lib/action_dispatch/middleware/templates/rescues/_trace.erb (2.0ms)
Rendered /home/akiraabe/.rvm/gems/ruby-1.9.2-p180/gems/actionpack-3.0.7/lib/action_dispatch/middleware/templates/rescues/_request_and_response.erb (13.1ms)
Rendered /home/akiraabe/.rvm/gems/ruby-1.9.2-p180/gems/actionpack-3.0.7/lib/action_dispatch/middleware/templates/rescues/template_error.erb within rescues/layout (27.3ms)


Started GET "/users/sign_in" for 127.0.0.1 at 2011-05-14 08:32:51 +0900
  Processing by Devise::SessionsController#new as HTML
Rendered devise/shared/_links.erb (3.7ms)
Rendered devise/sessions/new.html.erb within layouts/application (47.5ms)
Completed   in 251ms

ActionView::Template::Error (undefined local variable or method `users_path' for #<#<Class:0xa9afa9c>:0xa99b308>):
    8: </head>
    9: <body>
    10: <%= link_to('Sign out', [ :destroy, current_user, :session ], :class => 'signOut') if current_user %>
    11: <%= link_to 'Top page', users_path %>
    12: 
    13: <%= yield %>
    14: 
  app/views/layouts/application.html.erb:11:in `_app_views_layouts_application_html_erb___171009284_88917480_391738963'

Rendered /home/akiraabe/.rvm/gems/ruby-1.9.2-p180/gems/actionpack-3.0.7/lib/action_dispatch/middleware/templates/rescues/_trace.erb (1.8ms)
Rendered /home/akiraabe/.rvm/gems/ruby-1.9.2-p180/gems/actionpack-3.0.7/lib/action_dispatch/middleware/templates/rescues/_request_and_response.erb (10.4ms)
Rendered /home/akiraabe/.rvm/gems/ruby-1.9.2-p180/gems/actionpack-3.0.7/lib/action_dispatch/middleware/templates/rescues/template_error.erb within rescues/layout (19.9ms)


Started GET "/users/sign_in" for 127.0.0.1 at 2011-05-14 08:33:59 +0900
  Processing by Devise::SessionsController#new as HTML
Rendered devise/shared/_links.erb (2.9ms)
Rendered devise/sessions/new.html.erb within layouts/application (16.4ms)
Completed 200 OK in 101ms (Views: 68.3ms | ActiveRecord: 0.0ms)


Started GET "/users/sign_in" for 127.0.0.1 at 2011-05-14 08:34:04 +0900
  Processing by Devise::SessionsController#new as HTML
Rendered devise/shared/_links.erb (3.9ms)
Rendered devise/sessions/new.html.erb within layouts/application (15.7ms)
Completed 200 OK in 66ms (Views: 22.0ms | ActiveRecord: 0.0ms)


Started GET "/people" for 127.0.0.1 at 2011-05-14 08:34:06 +0900
  Processing by PeopleController#index as HTML
Completed   in 16ms


Started GET "/users/sign_in" for 127.0.0.1 at 2011-05-14 08:34:06 +0900
  Processing by Devise::SessionsController#new as HTML
Rendered devise/shared/_links.erb (12.0ms)
Rendered devise/sessions/new.html.erb within layouts/application (30.8ms)
Completed 200 OK in 148ms (Views: 47.8ms | ActiveRecord: 0.0ms)


Started POST "/users/sign_in" for 127.0.0.1 at 2011-05-14 08:34:21 +0900
  Processing by Devise::SessionsController#create as HTML
  Parameters: {"utf8"=>"✓", "authenticity_token"=>"sKElaC7DHqJZTSoBuSKu0kTwwggoDr0j0FnDZ1EqQHU=", "user"=>{"email"=>"akiraabe2005@yahoo.co.jp", "password"=>"[FILTERED]", "remember_me"=>"0"}, "commit"=>"Sign in"}
  [1m[35mUser Load (2.7ms)[0m  SELECT "users".* FROM "users" WHERE "users"."email" = 'akiraabe2005@yahoo.co.jp' LIMIT 1
  [1m[36mAREL (1.1ms)[0m  [1mUPDATE "users" SET "last_sign_in_at" = '2011-05-13 22:59:50.650230', "current_sign_in_at" = '2011-05-13 23:34:22.344435', "sign_in_count" = 3, "updated_at" = '2011-05-13 23:34:22.345267' WHERE "users"."id" = 1[0m
Redirected to http://localhost:3000/people
Completed 302 Found in 410ms


Started GET "/people" for 127.0.0.1 at 2011-05-14 08:34:22 +0900
  Processing by PeopleController#index as HTML
  [1m[35mUser Load (2.4ms)[0m  SELECT "users".* FROM "users" WHERE "users"."id" = 1 LIMIT 1
  [1m[36mPerson Load (0.3ms)[0m  [1mSELECT "people".* FROM "people"[0m
Rendered people/index.html.erb within layouts/application (20.3ms)
Completed 200 OK in 139ms (Views: 34.5ms | ActiveRecord: 2.7ms)


Started GET "/people" for 127.0.0.1 at 2011-05-14 08:34:25 +0900
  Processing by PeopleController#index as HTML
  [1m[35mUser Load (1.2ms)[0m  SELECT "users".* FROM "users" WHERE "users"."id" = 1 LIMIT 1
  [1m[36mPerson Load (0.8ms)[0m  [1mSELECT "people".* FROM "people"[0m
Rendered people/index.html.erb within layouts/application (38.1ms)
Completed 200 OK in 151ms (Views: 62.1ms | ActiveRecord: 2.0ms)


Started GET "/users/sign_out.1" for 127.0.0.1 at 2011-05-14 08:34:29 +0900
  Processing by Devise::SessionsController#destroy as 
  [1m[35mUser Load (0.5ms)[0m  SELECT "users".* FROM "users" WHERE "users"."id" = 1 LIMIT 1
Completed 406 Not Acceptable in 103ms


Started GET "/users/sign_out.1" for 127.0.0.1 at 2011-05-14 08:34:39 +0900
  Processing by Devise::SessionsController#destroy as 
Completed 406 Not Acceptable in 40ms


Started GET "/people/1" for 127.0.0.1 at 2011-05-14 08:34:44 +0900
  Processing by PeopleController#show as HTML
  Parameters: {"id"=>"1"}
Completed   in 20ms


Started GET "/users/sign_in" for 127.0.0.1 at 2011-05-14 08:34:44 +0900
  Processing by Devise::SessionsController#new as HTML
Rendered devise/shared/_links.erb (3.6ms)
Rendered devise/sessions/new.html.erb within layouts/application (15.2ms)
Completed 200 OK in 147ms (Views: 22.4ms | ActiveRecord: 0.5ms)


Started POST "/users/sign_in" for 127.0.0.1 at 2011-05-14 11:04:55 +0900
  Processing by Devise::SessionsController#create as HTML
  Parameters: {"utf8"=>"✓", "authenticity_token"=>"LLdlfl3Vya00jNiBVE2ICd6x5DtXygyLgWT2beJvUtc=", "user"=>{"email"=>"akiraabe2005@yahoo.co.jp", "password"=>"[FILTERED]", "remember_me"=>"0"}, "commit"=>"Sign in"}
  [1m[36mUser Load (0.9ms)[0m  [1mSELECT "users".* FROM "users" WHERE "users"."email" = 'akiraabe2005@yahoo.co.jp' LIMIT 1[0m
  [1m[35mAREL (7.7ms)[0m  UPDATE "users" SET "last_sign_in_at" = '2011-05-13 23:34:22.344435', "current_sign_in_at" = '2011-05-14 02:04:56.145089', "sign_in_count" = 4, "updated_at" = '2011-05-14 02:04:56.145167' WHERE "users"."id" = 1
Redirected to http://localhost:3000/people/1
Completed 302 Found in 329ms


Started GET "/people/1" for 127.0.0.1 at 2011-05-14 11:04:56 +0900
  Processing by PeopleController#show as HTML
  Parameters: {"id"=>"1"}
  [1m[36mUser Load (3.1ms)[0m  [1mSELECT "users".* FROM "users" WHERE "users"."id" = 1 LIMIT 1[0m
  [1m[35mSQL (0.3ms)[0m   SELECT name
 FROM sqlite_master
 WHERE type = 'table' AND NOT name = 'sqlite_sequence'
  [1m[36mPerson Load (0.3ms)[0m  [1mSELECT "people".* FROM "people" WHERE "people"."id" = 1 LIMIT 1[0m
  [1m[35mCACHE (1.4ms)[0m  SELECT "users".* FROM "users" WHERE "users"."id" = 1 LIMIT 1
Rendered people/show.html.erb within layouts/application (31.2ms)
Completed 200 OK in 200ms (Views: 40.0ms | ActiveRecord: 5.1ms)


Started GET "/people" for 127.0.0.1 at 2011-05-14 11:05:43 +0900
  Processing by PeopleController#index as HTML
  [1m[36mUser Load (0.7ms)[0m  [1mSELECT "users".* FROM "users" WHERE "users"."id" = 1 LIMIT 1[0m
  [1m[35mPerson Load (0.3ms)[0m  SELECT "people".* FROM "people"
Rendered people/index.html.erb within layouts/application (195.0ms)
Completed 200 OK in 368ms (Views: 219.5ms | ActiveRecord: 1.0ms)


Started GET "/users/sign_out.1" for 127.0.0.1 at 2011-05-14 11:05:46 +0900
  Processing by Devise::SessionsController#destroy as 
  [1m[36mUser Load (0.9ms)[0m  [1mSELECT "users".* FROM "users" WHERE "users"."id" = 1 LIMIT 1[0m
Completed 406 Not Acceptable in 109ms


Started GET "/users/" for 127.0.0.1 at 2011-05-14 11:05:57 +0900

ActionController::RoutingError (No route matches "/users"):
  

Rendered /home/akiraabe/.rvm/gems/ruby-1.9.2-p180/gems/actionpack-3.0.7/lib/action_dispatch/middleware/templates/rescues/routing_error.erb within rescues/layout (8.9ms)


Started GET "/people" for 127.0.0.1 at 2011-05-14 11:06:20 +0900
  Processing by PeopleController#index as HTML
Completed   in 22ms


Started GET "/users/sign_in" for 127.0.0.1 at 2011-05-14 11:06:20 +0900
  Processing by Devise::SessionsController#new as HTML
Rendered devise/shared/_links.erb (2.0ms)
Rendered devise/sessions/new.html.erb within layouts/application (19.7ms)
Completed 200 OK in 69ms (Views: 27.6ms | ActiveRecord: 0.9ms)


Started GET "/people" for 127.0.0.1 at 2011-05-14 11:06:24 +0900
  Processing by PeopleController#index as HTML
Completed   in 15ms


Started GET "/users/sign_in" for 127.0.0.1 at 2011-05-14 11:06:24 +0900
  Processing by Devise::SessionsController#new as HTML
Rendered devise/shared/_links.erb (4.0ms)
Rendered devise/sessions/new.html.erb within layouts/application (19.9ms)
Completed 200 OK in 89ms (Views: 33.3ms | ActiveRecord: 0.0ms)


Started POST "/users/sign_in" for 127.0.0.1 at 2011-05-14 11:06:35 +0900
  Processing by Devise::SessionsController#create as HTML
  Parameters: {"utf8"=>"✓", "authenticity_token"=>"59o+Bljr4JzzUI71q+5LVv15ZMnrgjNSp5ISdCipXnc=", "user"=>{"email"=>"akiraabe2005@yahoo.co.jp", "password"=>"[FILTERED]", "remember_me"=>"0"}, "commit"=>"Sign in"}
  [1m[35mUser Load (0.6ms)[0m  SELECT "users".* FROM "users" WHERE "users"."email" = 'akiraabe2005@yahoo.co.jp' LIMIT 1
  [1m[36mAREL (7.1ms)[0m  [1mUPDATE "users" SET "last_sign_in_at" = '2011-05-14 02:04:56.145089', "current_sign_in_at" = '2011-05-14 02:06:35.931294', "sign_in_count" = 5, "updated_at" = '2011-05-14 02:06:35.931893' WHERE "users"."id" = 1[0m
Redirected to http://localhost:3000/people
Completed 302 Found in 367ms


Started GET "/people" for 127.0.0.1 at 2011-05-14 11:06:36 +0900
  Processing by PeopleController#index as HTML
  [1m[35mUser Load (0.8ms)[0m  SELECT "users".* FROM "users" WHERE "users"."id" = 1 LIMIT 1
  [1m[36mPerson Load (0.7ms)[0m  [1mSELECT "people".* FROM "people"[0m
Rendered people/index.html.erb within layouts/application (15.8ms)
Completed 200 OK in 101ms (Views: 22.9ms | ActiveRecord: 1.5ms)


Started GET "/people" for 127.0.0.1 at 2011-05-14 11:06:44 +0900
  Processing by PeopleController#index as HTML
  [1m[35mUser Load (0.8ms)[0m  SELECT "users".* FROM "users" WHERE "users"."id" = 1 LIMIT 1
  [1m[36mPerson Load (0.3ms)[0m  [1mSELECT "people".* FROM "people"[0m
Rendered people/index.html.erb within layouts/application (24.8ms)
Completed 200 OK in 158ms (Views: 40.8ms | ActiveRecord: 1.2ms)


Started GET "/people/1" for 127.0.0.1 at 2011-05-14 11:06:46 +0900
  Processing by PeopleController#show as HTML
  Parameters: {"id"=>"1"}
  [1m[35mUser Load (29.0ms)[0m  SELECT "users".* FROM "users" WHERE "users"."id" = 1 LIMIT 1
  [1m[36mSQL (0.4ms)[0m  [1m SELECT name
 FROM sqlite_master
 WHERE type = 'table' AND NOT name = 'sqlite_sequence'
[0m
  [1m[35mPerson Load (0.8ms)[0m  SELECT "people".* FROM "people" WHERE "people"."id" = 1 LIMIT 1
  [1m[36mCACHE (0.0ms)[0m  [1mSELECT "users".* FROM "users" WHERE "users"."id" = 1 LIMIT 1[0m
Rendered people/show.html.erb within layouts/application (29.7ms)
Completed 200 OK in 285ms (Views: 38.7ms | ActiveRecord: 30.1ms)


Started GET "/people" for 127.0.0.1 at 2011-05-14 11:06:48 +0900
  Processing by PeopleController#index as HTML
  [1m[35mUser Load (6.3ms)[0m  SELECT "users".* FROM "users" WHERE "users"."id" = 1 LIMIT 1
  [1m[36mPerson Load (1.9ms)[0m  [1mSELECT "people".* FROM "people"[0m
Rendered people/index.html.erb within layouts/application (35.7ms)
Completed 200 OK in 248ms (Views: 42.5ms | ActiveRecord: 8.2ms)


Started GET "/users/sign_out.1" for 127.0.0.1 at 2011-05-14 11:06:51 +0900
  Processing by Devise::SessionsController#destroy as 
  [1m[35mUser Load (1.7ms)[0m  SELECT "users".* FROM "users" WHERE "users"."id" = 1 LIMIT 1
Completed 406 Not Acceptable in 57ms


Started GET "/users" for 127.0.0.1 at 2011-05-14 11:06:57 +0900

ActionController::RoutingError (No route matches "/users"):
  

Rendered /home/akiraabe/.rvm/gems/ruby-1.9.2-p180/gems/actionpack-3.0.7/lib/action_dispatch/middleware/templates/rescues/routing_error.erb within rescues/layout (6.7ms)


Started GET "/people" for 127.0.0.1 at 2011-05-14 11:07:04 +0900
  Processing by PeopleController#index as HTML
Completed   in 32ms


Started GET "/users/sign_in" for 127.0.0.1 at 2011-05-14 11:07:05 +0900
  Processing by Devise::SessionsController#new as HTML
Rendered devise/shared/_links.erb (7.0ms)
Rendered devise/sessions/new.html.erb within layouts/application (23.5ms)
Completed 200 OK in 70ms (Views: 31.0ms | ActiveRecord: 1.7ms)


Started POST "/users/sign_in" for 127.0.0.1 at 2011-05-14 11:07:14 +0900
  Processing by Devise::SessionsController#create as HTML
  Parameters: {"utf8"=>"✓", "authenticity_token"=>"TEZ0NRxoRgH1k8p6Hc7PsUTP7su+QVP/wJyXBLaviGY=", "user"=>{"email"=>"akiraabe2005@yahoo.co.jp", "password"=>"[FILTERED]", "remember_me"=>"0"}, "commit"=>"Sign in"}
  [1m[36mUser Load (2.1ms)[0m  [1mSELECT "users".* FROM "users" WHERE "users"."email" = 'akiraabe2005@yahoo.co.jp' LIMIT 1[0m
Completed   in 220ms
  Processing by Devise::SessionsController#new as HTML
  Parameters: {"utf8"=>"✓", "authenticity_token"=>"TEZ0NRxoRgH1k8p6Hc7PsUTP7su+QVP/wJyXBLaviGY=", "user"=>{"email"=>"akiraabe2005@yahoo.co.jp", "password"=>"[FILTERED]", "remember_me"=>"0"}, "commit"=>"Sign in"}
Rendered devise/shared/_links.erb (2.0ms)
Rendered devise/sessions/new.html.erb within layouts/application (14.3ms)
Completed 200 OK in 195ms (Views: 31.5ms | ActiveRecord: 2.1ms)


Started POST "/users/sign_in" for 127.0.0.1 at 2011-05-14 11:08:36 +0900
  Processing by Devise::SessionsController#create as HTML
  Parameters: {"utf8"=>"✓", "authenticity_token"=>"TEZ0NRxoRgH1k8p6Hc7PsUTP7su+QVP/wJyXBLaviGY=", "user"=>{"email"=>"akiraabe2005@yahoo.co.jp", "password"=>"[FILTERED]", "remember_me"=>"0"}, "commit"=>"Sign in"}
  [1m[35mUser Load (104.0ms)[0m  SELECT "users".* FROM "users" WHERE "users"."email" = 'akiraabe2005@yahoo.co.jp' LIMIT 1
Completed   in 317ms
  Processing by Devise::SessionsController#new as HTML
  Parameters: {"utf8"=>"✓", "authenticity_token"=>"TEZ0NRxoRgH1k8p6Hc7PsUTP7su+QVP/wJyXBLaviGY=", "user"=>{"email"=>"akiraabe2005@yahoo.co.jp", "password"=>"[FILTERED]", "remember_me"=>"0"}, "commit"=>"Sign in"}
Rendered devise/shared/_links.erb (1.8ms)
Rendered devise/sessions/new.html.erb within layouts/application (12.9ms)
Completed 200 OK in 177ms (Views: 29.4ms | ActiveRecord: 104.0ms)


Started GET "/people" for 127.0.0.1 at 2011-05-14 11:08:42 +0900
  Processing by PeopleController#index as HTML
Completed   in 23ms


Started GET "/users/sign_in" for 127.0.0.1 at 2011-05-14 11:08:42 +0900
  Processing by Devise::SessionsController#new as HTML
Rendered devise/shared/_links.erb (1.4ms)
Rendered devise/sessions/new.html.erb within layouts/application (17.4ms)
Completed 200 OK in 131ms (Views: 25.6ms | ActiveRecord: 0.0ms)


Started POST "/users/sign_in" for 127.0.0.1 at 2011-05-14 11:09:02 +0900
  Processing by Devise::SessionsController#create as HTML
  Parameters: {"utf8"=>"✓", "authenticity_token"=>"TEZ0NRxoRgH1k8p6Hc7PsUTP7su+QVP/wJyXBLaviGY=", "user"=>{"email"=>"akiraabe2005@yahoo.co.jp", "password"=>"[FILTERED]", "remember_me"=>"0"}, "commit"=>"Sign in"}
  [1m[36mUser Load (0.9ms)[0m  [1mSELECT "users".* FROM "users" WHERE "users"."email" = 'akiraabe2005@yahoo.co.jp' LIMIT 1[0m
  [1m[35mAREL (2.2ms)[0m  UPDATE "users" SET "last_sign_in_at" = '2011-05-14 02:06:35.931294', "current_sign_in_at" = '2011-05-14 02:09:03.376103', "sign_in_count" = 6, "updated_at" = '2011-05-14 02:09:03.376756' WHERE "users"."id" = 1
Redirected to http://localhost:3000/people
Completed 302 Found in 329ms


Started GET "/people" for 127.0.0.1 at 2011-05-14 11:09:03 +0900
  Processing by PeopleController#index as HTML
  [1m[36mUser Load (1.7ms)[0m  [1mSELECT "users".* FROM "users" WHERE "users"."id" = 1 LIMIT 1[0m
  [1m[35mPerson Load (1.1ms)[0m  SELECT "people".* FROM "people"
Rendered people/index.html.erb within layouts/application (24.7ms)
Completed 200 OK in 193ms (Views: 38.2ms | ActiveRecord: 2.8ms)


Started GET "/users/sign_out.1" for 127.0.0.1 at 2011-05-14 11:20:01 +0900
  Processing by Devise::SessionsController#destroy as 
  [1m[36mUser Load (1.1ms)[0m  [1mSELECT "users".* FROM "users" WHERE "users"."id" = 1 LIMIT 1[0m
Completed 406 Not Acceptable in 50ms


Started GET "/users/sign_out.1" for 127.0.0.1 at 2011-05-14 11:20:12 +0900
  Processing by Devise::SessionsController#destroy as 
Completed 406 Not Acceptable in 20ms


Started GET "/users/sign_out.1" for 127.0.0.1 at 2011-05-14 11:20:20 +0900
  Processing by Devise::SessionsController#destroy as 
Completed 406 Not Acceptable in 62ms


Started GET "/people" for 127.0.0.1 at 2011-05-14 11:20:25 +0900
  Processing by PeopleController#index as HTML
Completed   in 13ms


Started GET "/users/sign_in" for 127.0.0.1 at 2011-05-14 11:20:25 +0900
  Processing by Devise::SessionsController#new as HTML
Rendered devise/shared/_links.erb (2.0ms)
Rendered devise/sessions/new.html.erb within layouts/application (14.6ms)
Completed 200 OK in 94ms (Views: 22.6ms | ActiveRecord: 1.1ms)


Started GET "/people" for 127.0.0.1 at 2011-05-14 11:20:38 +0900
  Processing by PeopleController#index as HTML
Completed   in 68ms


Started GET "/users/sign_in" for 127.0.0.1 at 2011-05-14 11:20:38 +0900
  Processing by Devise::SessionsController#new as HTML
Rendered devise/shared/_links.erb (2.9ms)
Rendered devise/sessions/new.html.erb within layouts/application (13.3ms)
Completed 200 OK in 54ms (Views: 19.9ms | ActiveRecord: 0.0ms)


Started POST "/users/sign_in" for 127.0.0.1 at 2011-05-14 11:24:33 +0900
  Processing by Devise::SessionsController#create as HTML
  Parameters: {"utf8"=>"✓", "authenticity_token"=>"5sA1hbLVb90c+Y8OCiqXmsZQ9wi579u8EoIlHX48ZJQ=", "user"=>{"email"=>"akiraabe2005@yahoo.co.jp", "password"=>"[FILTERED]", "remember_me"=>"0"}, "commit"=>"Sign in"}
  [1m[35mUser Load (4.9ms)[0m  SELECT "users".* FROM "users" WHERE "users"."email" = 'akiraabe2005@yahoo.co.jp' LIMIT 1
  [1m[36mAREL (0.7ms)[0m  [1mUPDATE "users" SET "last_sign_in_at" = '2011-05-14 02:09:03.376103', "current_sign_in_at" = '2011-05-14 02:24:33.876614', "sign_in_count" = 7, "updated_at" = '2011-05-14 02:24:33.877190' WHERE "users"."id" = 1[0m
Redirected to http://localhost:3000/people
Completed 302 Found in 325ms


Started GET "/people" for 127.0.0.1 at 2011-05-14 11:24:33 +0900
  Processing by PeopleController#index as HTML
  [1m[35mUser Load (1.8ms)[0m  SELECT "users".* FROM "users" WHERE "users"."id" = 1 LIMIT 1
  [1m[36mPerson Load (0.3ms)[0m  [1mSELECT "people".* FROM "people"[0m
Rendered people/index.html.erb within layouts/application (57.3ms)
Completed 200 OK in 137ms (Views: 64.7ms | ActiveRecord: 2.0ms)


Started GET "/people" for 127.0.0.1 at 2011-05-14 11:28:36 +0900
  Processing by PeopleController#index as HTML
  [1m[35mUser Load (1.0ms)[0m  SELECT "users".* FROM "users" WHERE "users"."id" = 1 LIMIT 1
  [1m[36mPerson Load (0.5ms)[0m  [1mSELECT "people".* FROM "people"[0m
Rendered people/index.html.erb within layouts/application (17.0ms)
Completed 200 OK in 128ms (Views: 26.6ms | ActiveRecord: 1.4ms)


Started GET "/users/sign_out" for 127.0.0.1 at 2011-05-14 11:28:38 +0900
  Processing by Devise::SessionsController#destroy as HTML
  [1m[35mUser Load (1.8ms)[0m  SELECT "users".* FROM "users" WHERE "users"."id" = 1 LIMIT 1
Redirected to http://localhost:3000/
Completed 302 Found in 45ms


Started GET "/people" for 127.0.0.1 at 2011-05-14 11:29:14 +0900
  Processing by PeopleController#index as HTML
Completed   in 35ms


Started GET "/users/sign_in" for 127.0.0.1 at 2011-05-14 11:29:14 +0900
  Processing by Devise::SessionsController#new as HTML
Rendered devise/shared/_links.erb (3.3ms)
Rendered devise/sessions/new.html.erb within layouts/application (14.0ms)
Completed 200 OK in 65ms (Views: 21.9ms | ActiveRecord: 0.0ms)


Started GET "/people" for 127.0.0.1 at 2011-05-14 11:29:21 +0900
  Processing by PeopleController#index as HTML
Completed   in 23ms


Started GET "/users/sign_in" for 127.0.0.1 at 2011-05-14 11:29:21 +0900
  Processing by Devise::SessionsController#new as HTML
Rendered devise/shared/_links.erb (1.9ms)
Rendered devise/sessions/new.html.erb within layouts/application (11.4ms)
Completed 200 OK in 137ms (Views: 18.5ms | ActiveRecord: 0.0ms)


Started GET "/people" for 127.0.0.1 at 2011-05-14 11:29:29 +0900
  Processing by PeopleController#index as HTML
Completed   in 21ms


Started GET "/users/sign_in" for 127.0.0.1 at 2011-05-14 11:29:29 +0900
  Processing by Devise::SessionsController#new as HTML
Rendered devise/shared/_links.erb (3.1ms)
Rendered devise/sessions/new.html.erb within layouts/application (14.6ms)
Completed 200 OK in 86ms (Views: 22.2ms | ActiveRecord: 0.0ms)


Started POST "/users/sign_in" for 127.0.0.1 at 2011-05-14 11:29:44 +0900
  Processing by Devise::SessionsController#create as HTML
  Parameters: {"utf8"=>"✓", "authenticity_token"=>"3nqDv7J2xjoCRevggATBeP5iUytY7wZLXCywthEtUac=", "user"=>{"email"=>"akiraabe2005@yahoo.co.jp", "password"=>"[FILTERED]", "remember_me"=>"0"}, "commit"=>"Sign in"}
  [1m[36mUser Load (1.0ms)[0m  [1mSELECT "users".* FROM "users" WHERE "users"."email" = 'akiraabe2005@yahoo.co.jp' LIMIT 1[0m
  [1m[35mAREL (0.8ms)[0m  UPDATE "users" SET "last_sign_in_at" = '2011-05-14 02:24:33.876614', "current_sign_in_at" = '2011-05-14 02:29:44.483726', "sign_in_count" = 8, "updated_at" = '2011-05-14 02:29:44.485489' WHERE "users"."id" = 1
Redirected to http://localhost:3000/people
Completed 302 Found in 362ms


Started GET "/people" for 127.0.0.1 at 2011-05-14 11:29:44 +0900
  Processing by PeopleController#index as HTML
  [1m[36mUser Load (5.7ms)[0m  [1mSELECT "users".* FROM "users" WHERE "users"."id" = 1 LIMIT 1[0m
  [1m[35mPerson Load (0.3ms)[0m  SELECT "people".* FROM "people"
Rendered people/index.html.erb within layouts/application (66.5ms)
Completed 200 OK in 194ms (Views: 75.2ms | ActiveRecord: 6.0ms)


Started GET "/people" for 127.0.0.1 at 2011-05-14 11:29:49 +0900
  Processing by PeopleController#index as HTML
  [1m[36mUser Load (0.9ms)[0m  [1mSELECT "users".* FROM "users" WHERE "users"."id" = 1 LIMIT 1[0m
  [1m[35mPerson Load (0.7ms)[0m  SELECT "people".* FROM "people"
Rendered people/index.html.erb within layouts/application (17.3ms)
Completed 200 OK in 154ms (Views: 25.4ms | ActiveRecord: 1.6ms)


Started GET "/users/sign_out" for 127.0.0.1 at 2011-05-14 11:29:57 +0900
  Processing by Devise::SessionsController#destroy as HTML
  [1m[36mUser Load (1.4ms)[0m  [1mSELECT "users".* FROM "users" WHERE "users"."id" = 1 LIMIT 1[0m
Redirected to http://localhost:3000/
Completed 302 Found in 76ms


Started GET "/people" for 127.0.0.1 at 2011-05-14 11:30:02 +0900
  Processing by PeopleController#index as HTML
Completed   in 16ms


Started GET "/users/sign_in" for 127.0.0.1 at 2011-05-14 11:30:02 +0900
  Processing by Devise::SessionsController#new as HTML
Rendered devise/shared/_links.erb (2.0ms)
Rendered devise/sessions/new.html.erb within layouts/application (13.7ms)
Completed 200 OK in 65ms (Views: 20.4ms | ActiveRecord: 1.4ms)


Started GET "/people" for 127.0.0.1 at 2011-05-14 11:55:55 +0900
  Processing by PeopleController#index as HTML
Completed   in 27ms


Started GET "/users/sign_in" for 127.0.0.1 at 2011-05-14 11:55:56 +0900
  Processing by Devise::SessionsController#new as HTML
Rendered devise/shared/_links.erb (2.0ms)
Rendered devise/sessions/new.html.erb within layouts/application (20.0ms)
Completed 200 OK in 111ms (Views: 31.9ms | ActiveRecord: 0.0ms)


Started GET "/people" for 127.0.0.1 at 2011-05-14 12:40:01 +0900
  Processing by PeopleController#index as HTML
Completed   in 38ms


Started GET "/users/sign_in" for 127.0.0.1 at 2011-05-14 12:40:01 +0900
  Processing by Devise::SessionsController#new as HTML
Rendered devise/shared/_links.erb (8.8ms)
Rendered devise/sessions/new.html.erb within layouts/application (27.9ms)
Completed 200 OK in 138ms (Views: 50.7ms | ActiveRecord: 0.0ms)


Started GET "/users/sign_up" for 127.0.0.1 at 2011-05-14 12:40:10 +0900
  Processing by Devise::RegistrationsController#new as HTML
Rendered devise/shared/_links.erb (7.7ms)
Rendered devise/registrations/new.html.erb within layouts/application (188.3ms)
Completed 200 OK in 248ms (Views: 209.0ms | ActiveRecord: 0.0ms)


Started GET "/users/password/new" for 127.0.0.1 at 2011-05-14 12:40:13 +0900
  Processing by Devise::PasswordsController#new as HTML
Rendered devise/shared/_links.erb (7.3ms)
Rendered devise/passwords/new.html.erb within layouts/application (58.9ms)
Completed 200 OK in 146ms (Views: 78.0ms | ActiveRecord: 0.0ms)


Started GET "/users/sign_up" for 127.0.0.1 at 2011-05-14 12:40:16 +0900
  Processing by Devise::RegistrationsController#new as HTML
Rendered devise/shared/_links.erb (2.2ms)
Rendered devise/registrations/new.html.erb within layouts/application (64.3ms)
Completed 200 OK in 269ms (Views: 79.0ms | ActiveRecord: 0.0ms)


Started GET "/users/sign_in" for 127.0.0.1 at 2011-05-14 12:40:19 +0900
  Processing by Devise::SessionsController#new as HTML
Rendered devise/shared/_links.erb (7.9ms)
Rendered devise/sessions/new.html.erb within layouts/application (26.2ms)
Completed 200 OK in 143ms (Views: 66.3ms | ActiveRecord: 0.0ms)


Started GET "/people" for 127.0.0.1 at 2011-05-16 06:06:24 +0900
  Processing by PeopleController#index as HTML
Completed   in 6ms


Started GET "/users/sign_in" for 127.0.0.1 at 2011-05-16 06:06:25 +0900
  Processing by Devise::SessionsController#new as HTML
Rendered devise/shared/_links.erb (9.2ms)
Rendered devise/sessions/new.html.erb within layouts/application (86.1ms)
Completed 200 OK in 337ms (Views: 191.5ms | ActiveRecord: 0.0ms)


Started POST "/users/sign_in" for 127.0.0.1 at 2011-05-16 06:06:41 +0900
  Processing by Devise::SessionsController#create as HTML
  Parameters: {"utf8"=>"✓", "authenticity_token"=>"gudNTgifRLrHPMfwyu17LJLMXIU94ou1XmBAEkzwYKc=", "user"=>{"email"=>"akiraabe2005@yahoo.co.jp", "password"=>"[FILTERED]", "remember_me"=>"0"}, "commit"=>"Sign in"}
  [1m[36mSQL (2.3ms)[0m  [1m SELECT name
 FROM sqlite_master
 WHERE type = 'table' AND NOT name = 'sqlite_sequence'
[0m
  [1m[35mUser Load (4.6ms)[0m  SELECT "users".* FROM "users" WHERE "users"."email" = 'akiraabe2005@yahoo.co.jp' LIMIT 1
  [1m[36mAREL (27.5ms)[0m  [1mUPDATE "users" SET "last_sign_in_at" = '2011-05-14 02:29:44.483726', "current_sign_in_at" = '2011-05-15 21:06:42.741122', "sign_in_count" = 9, "updated_at" = '2011-05-15 21:06:42.742386' WHERE "users"."id" = 1[0m
Redirected to http://localhost:3000/people
Completed 302 Found in 1279ms


Started GET "/people" for 127.0.0.1 at 2011-05-16 06:06:43 +0900
  Processing by PeopleController#index as HTML
  [1m[35mUser Load (10.5ms)[0m  SELECT "users".* FROM "users" WHERE "users"."id" = 1 LIMIT 1
  [1m[36mPerson Load (1.4ms)[0m  [1mSELECT "people".* FROM "people"[0m
Rendered people/index.html.erb within layouts/application (52.3ms)
Completed 200 OK in 560ms (Views: 94.3ms | ActiveRecord: 11.9ms)


Started GET "/people/1" for 127.0.0.1 at 2011-05-16 06:06:48 +0900
  Processing by PeopleController#show as HTML
  Parameters: {"id"=>"1"}
  [1m[35mUser Load (1.5ms)[0m  SELECT "users".* FROM "users" WHERE "users"."id" = 1 LIMIT 1
  [1m[36mPerson Load (0.5ms)[0m  [1mSELECT "people".* FROM "people" WHERE "people"."id" = 1 LIMIT 1[0m
  [1m[35mCACHE (0.0ms)[0m  SELECT "users".* FROM "users" WHERE "users"."id" = 1 LIMIT 1
Rendered people/show.html.erb within layouts/application (71.5ms)
Completed 200 OK in 406ms (Views: 224.5ms | ActiveRecord: 2.0ms)


Started GET "/people" for 127.0.0.1 at 2011-05-16 06:06:54 +0900
  Processing by PeopleController#index as HTML
  [1m[36mUser Load (7.9ms)[0m  [1mSELECT "users".* FROM "users" WHERE "users"."id" = 1 LIMIT 1[0m
  [1m[35mPerson Load (0.5ms)[0m  SELECT "people".* FROM "people"
Rendered people/index.html.erb within layouts/application (120.6ms)
Completed 200 OK in 401ms (Views: 211.3ms | ActiveRecord: 8.3ms)


Started GET "/people/1" for 127.0.0.1 at 2011-05-16 06:06:57 +0900
  Processing by PeopleController#show as HTML
  Parameters: {"id"=>"1"}
  [1m[36mUser Load (1.7ms)[0m  [1mSELECT "users".* FROM "users" WHERE "users"."id" = 1 LIMIT 1[0m
  [1m[35mPerson Load (1.7ms)[0m  SELECT "people".* FROM "people" WHERE "people"."id" = 1 LIMIT 1
  [1m[36mCACHE (0.9ms)[0m  [1mSELECT "users".* FROM "users" WHERE "users"."id" = 1 LIMIT 1[0m
Rendered people/show.html.erb within layouts/application (164.8ms)
Completed 200 OK in 450ms (Views: 221.7ms | ActiveRecord: 4.3ms)


Started GET "/people" for 127.0.0.1 at 2011-05-16 06:07:10 +0900
  Processing by PeopleController#index as HTML
  [1m[35mUser Load (15.4ms)[0m  SELECT "users".* FROM "users" WHERE "users"."id" = 1 LIMIT 1
  [1m[36mPerson Load (0.6ms)[0m  [1mSELECT "people".* FROM "people"[0m
Rendered people/index.html.erb within layouts/application (58.8ms)
Completed 200 OK in 431ms (Views: 85.8ms | ActiveRecord: 16.0ms)


Started GET "/people/1" for 127.0.0.1 at 2011-05-16 06:07:13 +0900
  Processing by PeopleController#show as HTML
  Parameters: {"id"=>"1"}
  [1m[35mUser Load (1.6ms)[0m  SELECT "users".* FROM "users" WHERE "users"."id" = 1 LIMIT 1
  [1m[36mPerson Load (4.9ms)[0m  [1mSELECT "people".* FROM "people" WHERE "people"."id" = 1 LIMIT 1[0m
  [1m[35mCACHE (1.7ms)[0m  SELECT "users".* FROM "users" WHERE "users"."id" = 1 LIMIT 1
Rendered people/show.html.erb within layouts/application (72.9ms)
Completed 200 OK in 356ms (Views: 98.3ms | ActiveRecord: 8.3ms)


Started GET "/people" for 127.0.0.1 at 2011-05-16 06:07:16 +0900
  Processing by PeopleController#index as HTML
  [1m[36mUser Load (14.8ms)[0m  [1mSELECT "users".* FROM "users" WHERE "users"."id" = 1 LIMIT 1[0m
  [1m[35mPerson Load (2.7ms)[0m  SELECT "people".* FROM "people"
Rendered people/index.html.erb within layouts/application (46.8ms)
Completed 200 OK in 322ms (Views: 70.2ms | ActiveRecord: 17.5ms)


Started GET "/people/1/edit" for 127.0.0.1 at 2011-05-16 06:07:18 +0900
  Processing by PeopleController#edit as HTML
  Parameters: {"id"=>"1"}
  [1m[36mUser Load (15.6ms)[0m  [1mSELECT "users".* FROM "users" WHERE "users"."id" = 1 LIMIT 1[0m
  [1m[35mPerson Load (0.5ms)[0m  SELECT "people".* FROM "people" WHERE "people"."id" = 1 LIMIT 1
Rendered people/_form.html.erb (60.5ms)
Rendered people/edit.html.erb within layouts/application (82.8ms)
Completed 200 OK in 362ms (Views: 132.8ms | ActiveRecord: 16.1ms)


Started GET "/people" for 127.0.0.1 at 2011-05-16 06:07:22 +0900
  Processing by PeopleController#index as HTML
  [1m[36mUser Load (1.1ms)[0m  [1mSELECT "users".* FROM "users" WHERE "users"."id" = 1 LIMIT 1[0m
  [1m[35mPerson Load (1.1ms)[0m  SELECT "people".* FROM "people"
Rendered people/index.html.erb within layouts/application (29.6ms)
Completed 200 OK in 207ms (Views: 48.3ms | ActiveRecord: 2.1ms)


Started GET "/people/new" for 127.0.0.1 at 2011-05-16 06:07:24 +0900
  Processing by PeopleController#new as HTML
  [1m[36mUser Load (8.0ms)[0m  [1mSELECT "users".* FROM "users" WHERE "users"."id" = 1 LIMIT 1[0m
Rendered people/_form.html.erb (18.3ms)
Rendered people/new.html.erb within layouts/application (35.2ms)
Completed 200 OK in 285ms (Views: 65.2ms | ActiveRecord: 8.0ms)


Started POST "/people" for 127.0.0.1 at 2011-05-16 06:07:30 +0900
  Processing by PeopleController#create as HTML
  Parameters: {"utf8"=>"✓", "authenticity_token"=>"gudNTgifRLrHPMfwyu17LJLMXIU94ou1XmBAEkzwYKc=", "person"=>{"user_name"=>"aa", "user_id"=>"1"}, "commit"=>"Create Person"}
  [1m[35mUser Load (4.0ms)[0m  SELECT "users".* FROM "users" WHERE "users"."id" = 1 LIMIT 1
  [1m[36mAREL (0.8ms)[0m  [1mINSERT INTO "people" ("user_name", "user_id", "created_at", "updated_at") VALUES ('aa', 1, '2011-05-15 21:07:31.295792', '2011-05-15 21:07:31.295792')[0m
Redirected to http://localhost:3000/people/2
Completed 302 Found in 697ms


Started GET "/people/2" for 127.0.0.1 at 2011-05-16 06:07:31 +0900
  Processing by PeopleController#show as HTML
  Parameters: {"id"=>"2"}
  [1m[35mUser Load (8.5ms)[0m  SELECT "users".* FROM "users" WHERE "users"."id" = 1 LIMIT 1
  [1m[36mPerson Load (1.1ms)[0m  [1mSELECT "people".* FROM "people" WHERE "people"."id" = 2 LIMIT 1[0m
  [1m[35mCACHE (0.0ms)[0m  SELECT "users".* FROM "users" WHERE "users"."id" = 1 LIMIT 1
Rendered people/show.html.erb within layouts/application (83.2ms)
Completed 200 OK in 377ms (Views: 129.3ms | ActiveRecord: 14.5ms)


Started GET "/people" for 127.0.0.1 at 2011-05-16 06:07:42 +0900
  Processing by PeopleController#index as HTML
  [1m[36mUser Load (3.0ms)[0m  [1mSELECT "users".* FROM "users" WHERE "users"."id" = 1 LIMIT 1[0m
  [1m[35mPerson Load (0.5ms)[0m  SELECT "people".* FROM "people"
Rendered people/index.html.erb within layouts/application (52.3ms)
Completed 200 OK in 553ms (Views: 88.2ms | ActiveRecord: 3.5ms)


Started GET "/people/2" for 127.0.0.1 at 2011-05-16 06:07:45 +0900
  Processing by PeopleController#show as HTML
  Parameters: {"id"=>"2"}
  [1m[36mUser Load (1.8ms)[0m  [1mSELECT "users".* FROM "users" WHERE "users"."id" = 1 LIMIT 1[0m
  [1m[35mPerson Load (0.4ms)[0m  SELECT "people".* FROM "people" WHERE "people"."id" = 2 LIMIT 1
  [1m[36mCACHE (0.4ms)[0m  [1mSELECT "users".* FROM "users" WHERE "users"."id" = 1 LIMIT 1[0m
Rendered people/show.html.erb within layouts/application (89.4ms)
Completed 200 OK in 563ms (Views: 133.0ms | ActiveRecord: 2.6ms)


Started GET "/users/sign_out" for 127.0.0.1 at 2011-05-16 06:07:55 +0900
  Processing by Devise::SessionsController#destroy as HTML
  [1m[35mUser Load (6.6ms)[0m  SELECT "users".* FROM "users" WHERE "users"."id" = 1 LIMIT 1
Redirected to http://localhost:3000/
Completed 302 Found in 183ms
  [1m[36mSQL (5.9ms)[0m  [1m SELECT name
 FROM sqlite_master
 WHERE type = 'table' AND NOT name = 'sqlite_sequence'
[0m
  [1m[35mSQL (0.6ms)[0m  select sqlite_version(*)
  [1m[36mSQL (115.1ms)[0m  [1mCREATE TABLE "schema_migrations" ("version" varchar(255) NOT NULL) [0m
  [1m[35mSQL (0.2ms)[0m  PRAGMA index_list("schema_migrations")
  [1m[36mSQL (13.9ms)[0m  [1mCREATE UNIQUE INDEX "unique_schema_migrations" ON "schema_migrations" ("version")[0m
  [1m[35mSQL (0.6ms)[0m   SELECT name
 FROM sqlite_master
 WHERE type = 'table' AND NOT name = 'sqlite_sequence'
  [1m[36mSQL (0.4ms)[0m  [1m SELECT name
 FROM sqlite_master
 WHERE type = 'table' AND NOT name = 'sqlite_sequence'
[0m
  [1m[35mSQL (0.2ms)[0m  SELECT "schema_migrations"."version" FROM "schema_migrations"
Migrating to DeviseCreateUsers (20110513224719)
  [1m[36mSQL (1.1ms)[0m  [1mCREATE TABLE "users" ("id" INTEGER PRIMARY KEY AUTOINCREMENT NOT NULL, "email" varchar(255) DEFAULT '' NOT NULL, "encrypted_password" varchar(128) DEFAULT '' NOT NULL, "reset_password_token" varchar(255), "reset_password_sent_at" datetime, "remember_created_at" datetime, "sign_in_count" integer DEFAULT 0, "current_sign_in_at" datetime, "last_sign_in_at" datetime, "current_sign_in_ip" varchar(255), "last_sign_in_ip" varchar(255), "created_at" datetime, "updated_at" datetime) [0m
  [1m[35mSQL (0.1ms)[0m  PRAGMA index_list("users")
  [1m[36mSQL (0.7ms)[0m  [1mCREATE UNIQUE INDEX "index_users_on_email" ON "users" ("email")[0m
  [1m[35mSQL (0.2ms)[0m  PRAGMA index_list("users")
  [1m[36mSQL (0.2ms)[0m  [1mPRAGMA index_info('index_users_on_email')[0m
  [1m[35mSQL (0.4ms)[0m  CREATE UNIQUE INDEX "index_users_on_reset_password_token" ON "users" ("reset_password_token")
  [1m[36mSQL (0.2ms)[0m  [1mINSERT INTO "schema_migrations" ("version") VALUES ('20110513224719')[0m
Migrating to CreatePeople (20110513231211)
  [1m[35mSQL (0.9ms)[0m  CREATE TABLE "people" ("id" INTEGER PRIMARY KEY AUTOINCREMENT NOT NULL, "user_name" varchar(255), "user_id" integer, "created_at" datetime, "updated_at" datetime) 
  [1m[36mSQL (0.4ms)[0m  [1mINSERT INTO "schema_migrations" ("version") VALUES ('20110513231211')[0m
  [1m[35mSQL (0.6ms)[0m   SELECT name
 FROM sqlite_master
 WHERE type = 'table' AND NOT name = 'sqlite_sequence'
  [1m[36mSQL (0.6ms)[0m  [1mSELECT "schema_migrations"."version" FROM "schema_migrations"[0m
  [1m[35mSQL (0.4ms)[0m   SELECT name
 FROM sqlite_master
 WHERE type = 'table' AND NOT name = 'sqlite_sequence'
  [1m[36mSQL (0.1ms)[0m  [1mPRAGMA index_list("people")[0m
  [1m[35mSQL (0.2ms)[0m  PRAGMA index_list("users")
  [1m[36mSQL (0.2ms)[0m  [1mPRAGMA index_info('index_users_on_reset_password_token')[0m
  [1m[35mSQL (0.2ms)[0m  PRAGMA index_info('index_users_on_email')


Started GET "/people/" for 127.0.0.1 at 2011-05-16 22:08:58 +0900
  Processing by PeopleController#index as HTML
Completed   in 2ms


Started GET "/users/sign_in" for 127.0.0.1 at 2011-05-16 22:08:59 +0900
  Processing by Devise::SessionsController#new as HTML
Rendered devise/shared/_links.erb (4.8ms)
Rendered devise/sessions/new.html.erb within layouts/application (31.2ms)
Completed 200 OK in 192ms (Views: 93.4ms | ActiveRecord: 0.0ms)


Started POST "/users/sign_in" for 127.0.0.1 at 2011-05-16 22:09:11 +0900
  Processing by Devise::SessionsController#create as HTML
  Parameters: {"utf8"=>"✓", "authenticity_token"=>"0iT3fT5bFaWT9c4SOMKyK75JQnw2c6jhxlXEc/O6jL8=", "user"=>{"email"=>"akiraabe2005@yahoo.co.jp", "password"=>"[FILTERED]", "remember_me"=>"0"}, "commit"=>"Sign in"}
  [1m[36mSQL (1.1ms)[0m  [1m SELECT name
 FROM sqlite_master
 WHERE type = 'table' AND NOT name = 'sqlite_sequence'
[0m
  [1m[35mUser Load (0.5ms)[0m  SELECT "users".* FROM "users" WHERE "users"."email" = 'akiraabe2005@yahoo.co.jp' LIMIT 1
Completed   in 319ms
  Processing by Devise::SessionsController#new as HTML
  Parameters: {"utf8"=>"✓", "authenticity_token"=>"0iT3fT5bFaWT9c4SOMKyK75JQnw2c6jhxlXEc/O6jL8=", "user"=>{"email"=>"akiraabe2005@yahoo.co.jp", "password"=>"[FILTERED]", "remember_me"=>"0"}, "commit"=>"Sign in"}
Rendered devise/shared/_links.erb (3.9ms)
Rendered devise/sessions/new.html.erb within layouts/application (21.4ms)
Completed 200 OK in 376ms (Views: 40.0ms | ActiveRecord: 1.6ms)


Started GET "/users/sign_up" for 127.0.0.1 at 2011-05-16 22:09:15 +0900
  Processing by Devise::RegistrationsController#new as HTML
Rendered devise/shared/_links.erb (14.9ms)
Rendered devise/registrations/new.html.erb within layouts/application (135.2ms)
Completed 200 OK in 329ms (Views: 192.6ms | ActiveRecord: 0.0ms)


Started POST "/users" for 127.0.0.1 at 2011-05-16 22:09:27 +0900
  Processing by Devise::RegistrationsController#create as HTML
  Parameters: {"utf8"=>"✓", "authenticity_token"=>"0iT3fT5bFaWT9c4SOMKyK75JQnw2c6jhxlXEc/O6jL8=", "user"=>{"email"=>"alpha@example.com", "password"=>"[FILTERED]", "password_confirmation"=>"[FILTERED]"}, "commit"=>"Sign up"}
  [1m[36mSQL (0.3ms)[0m  [1mSELECT 1 FROM "users" WHERE ("users"."email" = 'alpha@example.com') LIMIT 1[0m
  [1m[35mAREL (1.6ms)[0m  INSERT INTO "users" ("email", "encrypted_password", "reset_password_token", "reset_password_sent_at", "remember_created_at", "sign_in_count", "current_sign_in_at", "last_sign_in_at", "current_sign_in_ip", "last_sign_in_ip", "created_at", "updated_at") VALUES ('alpha@example.com', '$2a$10$bw8se21yPCSs2.Vj63HyquQlIjsv4bbGlOM0H1aSVWWvBHariR0Ky', NULL, NULL, NULL, 0, NULL, NULL, NULL, NULL, '2011-05-16 13:09:28.293316', '2011-05-16 13:09:28.293316')
  [1m[36mAREL (0.6ms)[0m  [1mUPDATE "users" SET "last_sign_in_at" = '2011-05-16 13:09:28.460117', "current_sign_in_at" = '2011-05-16 13:09:28.460117', "last_sign_in_ip" = '127.0.0.1', "current_sign_in_ip" = '127.0.0.1', "sign_in_count" = 1, "updated_at" = '2011-05-16 13:09:28.461505' WHERE "users"."id" = 1[0m
Redirected to http://localhost:3000/people
Completed 302 Found in 779ms


Started GET "/people" for 127.0.0.1 at 2011-05-16 22:09:28 +0900
  Processing by PeopleController#index as HTML
  [1m[35mUser Load (1.3ms)[0m  SELECT "users".* FROM "users" WHERE "users"."id" = 1 LIMIT 1
  [1m[36mPerson Load (0.4ms)[0m  [1mSELECT "people".* FROM "people"[0m
Rendered people/index.html.erb within layouts/application (6.2ms)
Completed 200 OK in 172ms (Views: 26.7ms | ActiveRecord: 1.7ms)


Started GET "/people/new" for 127.0.0.1 at 2011-05-16 22:09:32 +0900
  Processing by PeopleController#new as HTML
  [1m[35mUser Load (1.6ms)[0m  SELECT "users".* FROM "users" WHERE "users"."id" = 1 LIMIT 1
Rendered people/_form.html.erb (19.9ms)
Rendered people/new.html.erb within layouts/application (38.8ms)
Completed 200 OK in 194ms (Views: 57.5ms | ActiveRecord: 1.6ms)


Started POST "/people" for 127.0.0.1 at 2011-05-16 22:09:40 +0900
  Processing by PeopleController#create as HTML
  Parameters: {"utf8"=>"✓", "authenticity_token"=>"0iT3fT5bFaWT9c4SOMKyK75JQnw2c6jhxlXEc/O6jL8=", "person"=>{"user_name"=>"akiraabe", "user_id"=>"1"}, "commit"=>"Create Person"}
  [1m[36mUser Load (2.2ms)[0m  [1mSELECT "users".* FROM "users" WHERE "users"."id" = 1 LIMIT 1[0m
  [1m[35mCACHE (0.0ms)[0m  SELECT "users".* FROM "users" WHERE "users"."id" = 1 LIMIT 1
Completed   in 151ms

NoMethodError (undefined method `text?' for nil:NilClass):
  app/controllers/people_controller.rb:47:in `block in create'
  app/controllers/people_controller.rb:46:in `create'

Rendered /home/akiraabe/.rvm/gems/ruby-1.9.2-p180/gems/actionpack-3.0.7/lib/action_dispatch/middleware/templates/rescues/_trace.erb (4.7ms)
Rendered /home/akiraabe/.rvm/gems/ruby-1.9.2-p180/gems/actionpack-3.0.7/lib/action_dispatch/middleware/templates/rescues/_request_and_response.erb (14.8ms)
Rendered /home/akiraabe/.rvm/gems/ruby-1.9.2-p180/gems/actionpack-3.0.7/lib/action_dispatch/middleware/templates/rescues/diagnostics.erb within rescues/layout (37.1ms)


Started POST "/people" for 127.0.0.1 at 2011-05-16 22:11:55 +0900
  Processing by PeopleController#create as HTML
  Parameters: {"utf8"=>"✓", "authenticity_token"=>"0iT3fT5bFaWT9c4SOMKyK75JQnw2c6jhxlXEc/O6jL8=", "person"=>{"user_name"=>"akiraabe", "user_id"=>"1"}, "commit"=>"Create Person"}
  [1m[36mUser Load (1.3ms)[0m  [1mSELECT "users".* FROM "users" WHERE "users"."id" = 1 LIMIT 1[0m
  [1m[35mCACHE (0.3ms)[0m  SELECT "users".* FROM "users" WHERE "users"."id" = 1 LIMIT 1
Completed   in 243ms

NoMethodError (undefined method `text?' for nil:NilClass):
  app/controllers/people_controller.rb:47:in `block in create'
  app/controllers/people_controller.rb:46:in `create'

Rendered /home/akiraabe/.rvm/gems/ruby-1.9.2-p180/gems/actionpack-3.0.7/lib/action_dispatch/middleware/templates/rescues/_trace.erb (9.1ms)
Rendered /home/akiraabe/.rvm/gems/ruby-1.9.2-p180/gems/actionpack-3.0.7/lib/action_dispatch/middleware/templates/rescues/_request_and_response.erb (11.2ms)
Rendered /home/akiraabe/.rvm/gems/ruby-1.9.2-p180/gems/actionpack-3.0.7/lib/action_dispatch/middleware/templates/rescues/diagnostics.erb within rescues/layout (29.7ms)


Started POST "/people" for 127.0.0.1 at 2011-05-16 22:12:12 +0900
  Processing by PeopleController#create as HTML
  Parameters: {"utf8"=>"✓", "authenticity_token"=>"0iT3fT5bFaWT9c4SOMKyK75JQnw2c6jhxlXEc/O6jL8=", "person"=>{"user_name"=>"akiraabe", "user_id"=>"2"}, "commit"=>"Create Person"}
  [1m[36mUser Load (1.5ms)[0m  [1mSELECT "users".* FROM "users" WHERE "users"."id" = 1 LIMIT 1[0m
  [1m[35mUser Load (0.6ms)[0m  SELECT "users".* FROM "users" WHERE "users"."id" = 2 LIMIT 1
  [1m[36mSQL (1.3ms)[0m  [1mSELECT 1 FROM "people" WHERE ("people"."user" IS NULL) LIMIT 1[0m
SQLite3::SQLException: no such column: people.user: SELECT  1 FROM "people" WHERE ("people"."user" IS NULL) LIMIT 1
Completed   in 223ms

ActiveRecord::StatementInvalid (SQLite3::SQLException: no such column: people.user: SELECT  1 FROM "people" WHERE ("people"."user" IS NULL) LIMIT 1):
  app/controllers/people_controller.rb:47:in `block in create'
  app/controllers/people_controller.rb:46:in `create'

Rendered /home/akiraabe/.rvm/gems/ruby-1.9.2-p180/gems/actionpack-3.0.7/lib/action_dispatch/middleware/templates/rescues/_trace.erb (3.0ms)
Rendered /home/akiraabe/.rvm/gems/ruby-1.9.2-p180/gems/actionpack-3.0.7/lib/action_dispatch/middleware/templates/rescues/_request_and_response.erb (10.4ms)
Rendered /home/akiraabe/.rvm/gems/ruby-1.9.2-p180/gems/actionpack-3.0.7/lib/action_dispatch/middleware/templates/rescues/diagnostics.erb within rescues/layout (28.2ms)


Started POST "/people" for 127.0.0.1 at 2011-05-16 22:12:27 +0900
  Processing by PeopleController#create as HTML
  Parameters: {"utf8"=>"✓", "authenticity_token"=>"0iT3fT5bFaWT9c4SOMKyK75JQnw2c6jhxlXEc/O6jL8=", "person"=>{"user_name"=>"akiraabe", "user_id"=>"1"}, "commit"=>"Create Person"}
  [1m[35mUser Load (1.6ms)[0m  SELECT "users".* FROM "users" WHERE "users"."id" = 1 LIMIT 1
  [1m[36mCACHE (0.1ms)[0m  [1mSELECT "users".* FROM "users" WHERE "users"."id" = 1 LIMIT 1[0m
Completed   in 241ms

NoMethodError (undefined method `text?' for nil:NilClass):
  app/controllers/people_controller.rb:47:in `block in create'
  app/controllers/people_controller.rb:46:in `create'

Rendered /home/akiraabe/.rvm/gems/ruby-1.9.2-p180/gems/actionpack-3.0.7/lib/action_dispatch/middleware/templates/rescues/_trace.erb (6.6ms)
Rendered /home/akiraabe/.rvm/gems/ruby-1.9.2-p180/gems/actionpack-3.0.7/lib/action_dispatch/middleware/templates/rescues/_request_and_response.erb (9.8ms)
Rendered /home/akiraabe/.rvm/gems/ruby-1.9.2-p180/gems/actionpack-3.0.7/lib/action_dispatch/middleware/templates/rescues/diagnostics.erb within rescues/layout (28.2ms)


Started POST "/people" for 127.0.0.1 at 2011-05-16 22:12:33 +0900
  Processing by PeopleController#create as HTML
  Parameters: {"utf8"=>"✓", "authenticity_token"=>"0iT3fT5bFaWT9c4SOMKyK75JQnw2c6jhxlXEc/O6jL8=", "person"=>{"user_name"=>"akiraabe", "user_id"=>"2"}, "commit"=>"Create Person"}
  [1m[35mUser Load (1.4ms)[0m  SELECT "users".* FROM "users" WHERE "users"."id" = 1 LIMIT 1
  [1m[36mUser Load (0.6ms)[0m  [1mSELECT "users".* FROM "users" WHERE "users"."id" = 2 LIMIT 1[0m
  [1m[35mSQL (0.6ms)[0m  SELECT 1 FROM "people" WHERE ("people"."user" IS NULL) LIMIT 1
SQLite3::SQLException: no such column: people.user: SELECT  1 FROM "people" WHERE ("people"."user" IS NULL) LIMIT 1
Completed   in 303ms

ActiveRecord::StatementInvalid (SQLite3::SQLException: no such column: people.user: SELECT  1 FROM "people" WHERE ("people"."user" IS NULL) LIMIT 1):
  app/controllers/people_controller.rb:47:in `block in create'
  app/controllers/people_controller.rb:46:in `create'

Rendered /home/akiraabe/.rvm/gems/ruby-1.9.2-p180/gems/actionpack-3.0.7/lib/action_dispatch/middleware/templates/rescues/_trace.erb (2.8ms)
Rendered /home/akiraabe/.rvm/gems/ruby-1.9.2-p180/gems/actionpack-3.0.7/lib/action_dispatch/middleware/templates/rescues/_request_and_response.erb (13.9ms)
Rendered /home/akiraabe/.rvm/gems/ruby-1.9.2-p180/gems/actionpack-3.0.7/lib/action_dispatch/middleware/templates/rescues/diagnostics.erb within rescues/layout (30.6ms)


Started POST "/people" for 127.0.0.1 at 2011-05-16 22:13:01 +0900
  Processing by PeopleController#create as HTML
  Parameters: {"utf8"=>"✓", "authenticity_token"=>"0iT3fT5bFaWT9c4SOMKyK75JQnw2c6jhxlXEc/O6jL8=", "person"=>{"user_name"=>"akiraabe", "user_id"=>"1"}, "commit"=>"Create Person"}
  [1m[36mUser Load (1.4ms)[0m  [1mSELECT "users".* FROM "users" WHERE "users"."id" = 1 LIMIT 1[0m
  [1m[35mCACHE (0.0ms)[0m  SELECT "users".* FROM "users" WHERE "users"."id" = 1 LIMIT 1
Completed   in 137ms

NoMethodError (undefined method `text?' for nil:NilClass):
  app/controllers/people_controller.rb:47:in `block in create'
  app/controllers/people_controller.rb:46:in `create'

Rendered /home/akiraabe/.rvm/gems/ruby-1.9.2-p180/gems/actionpack-3.0.7/lib/action_dispatch/middleware/templates/rescues/_trace.erb (2.6ms)
Rendered /home/akiraabe/.rvm/gems/ruby-1.9.2-p180/gems/actionpack-3.0.7/lib/action_dispatch/middleware/templates/rescues/_request_and_response.erb (28.1ms)
Rendered /home/akiraabe/.rvm/gems/ruby-1.9.2-p180/gems/actionpack-3.0.7/lib/action_dispatch/middleware/templates/rescues/diagnostics.erb within rescues/layout (41.5ms)


Started POST "/people" for 127.0.0.1 at 2011-05-16 22:14:16 +0900
  Processing by PeopleController#create as HTML
  Parameters: {"utf8"=>"✓", "authenticity_token"=>"0iT3fT5bFaWT9c4SOMKyK75JQnw2c6jhxlXEc/O6jL8=", "person"=>{"user_name"=>"akiraabe", "user_id"=>"1"}, "commit"=>"Create Person"}
  [1m[36mUser Load (1.4ms)[0m  [1mSELECT "users".* FROM "users" WHERE "users"."id" = 1 LIMIT 1[0m
  [1m[35mSQL (0.3ms)[0m  SELECT 1 FROM "people" WHERE ("people"."user_id" = 1) LIMIT 1
  [1m[36mAREL (1.9ms)[0m  [1mINSERT INTO "people" ("user_name", "user_id", "created_at", "updated_at") VALUES ('akiraabe', 1, '2011-05-16 13:14:17.293060', '2011-05-16 13:14:17.293060')[0m
Redirected to http://localhost:3000/people/1
Completed 302 Found in 277ms


Started GET "/people/1" for 127.0.0.1 at 2011-05-16 22:14:17 +0900
  Processing by PeopleController#show as HTML
  Parameters: {"id"=>"1"}
  [1m[35mUser Load (1.1ms)[0m  SELECT "users".* FROM "users" WHERE "users"."id" = 1 LIMIT 1
  [1m[36mPerson Load (0.4ms)[0m  [1mSELECT "people".* FROM "people" WHERE "people"."id" = 1 LIMIT 1[0m
  [1m[35mCACHE (0.1ms)[0m  SELECT "users".* FROM "users" WHERE "users"."id" = 1 LIMIT 1
Rendered people/show.html.erb within layouts/application (119.1ms)
Completed 200 OK in 271ms (Views: 153.9ms | ActiveRecord: 5.2ms)


Started GET "/people" for 127.0.0.1 at 2011-05-16 22:14:20 +0900
  Processing by PeopleController#index as HTML
  [1m[36mUser Load (1.1ms)[0m  [1mSELECT "users".* FROM "users" WHERE "users"."id" = 1 LIMIT 1[0m
  [1m[35mPerson Load (0.5ms)[0m  SELECT "people".* FROM "people"
Rendered people/index.html.erb within layouts/application (116.3ms)
Completed 200 OK in 230ms (Views: 127.4ms | ActiveRecord: 1.5ms)


Started GET "/people/new" for 127.0.0.1 at 2011-05-16 22:14:23 +0900
  Processing by PeopleController#new as HTML
  [1m[36mUser Load (1.5ms)[0m  [1mSELECT "users".* FROM "users" WHERE "users"."id" = 1 LIMIT 1[0m
Rendered people/_form.html.erb (89.9ms)
Rendered people/new.html.erb within layouts/application (101.1ms)
Completed 200 OK in 224ms (Views: 112.3ms | ActiveRecord: 1.5ms)


Started POST "/people" for 127.0.0.1 at 2011-05-16 22:14:28 +0900
  Processing by PeopleController#create as HTML
  Parameters: {"utf8"=>"✓", "authenticity_token"=>"0iT3fT5bFaWT9c4SOMKyK75JQnw2c6jhxlXEc/O6jL8=", "person"=>{"user_name"=>"aa", "user_id"=>"1"}, "commit"=>"Create Person"}
  [1m[35mUser Load (1.4ms)[0m  SELECT "users".* FROM "users" WHERE "users"."id" = 1 LIMIT 1
  [1m[36mSQL (0.4ms)[0m  [1mSELECT 1 FROM "people" WHERE ("people"."user_id" = 1) LIMIT 1[0m
Rendered people/_form.html.erb (18.9ms)
Rendered people/new.html.erb within layouts/application (26.1ms)
Completed 200 OK in 282ms (Views: 37.8ms | ActiveRecord: 1.8ms)


Started GET "/people" for 127.0.0.1 at 2011-05-16 22:14:33 +0900
  Processing by PeopleController#index as HTML
  [1m[35mUser Load (2.3ms)[0m  SELECT "users".* FROM "users" WHERE "users"."id" = 1 LIMIT 1
  [1m[36mPerson Load (0.5ms)[0m  [1mSELECT "people".* FROM "people"[0m
Rendered people/index.html.erb within layouts/application (99.1ms)
Completed 200 OK in 220ms (Views: 114.4ms | ActiveRecord: 2.8ms)


Started GET "/users/" for 127.0.0.1 at 2011-05-22 07:35:42 +0900

ActionController::RoutingError (No route matches "/users"):
  

Rendered /home/akiraabe/.rvm/gems/ruby-1.9.2-p180/gems/actionpack-3.0.7/lib/action_dispatch/middleware/templates/rescues/routing_error.erb within rescues/layout (2.1ms)


Started GET "/boards" for 127.0.0.1 at 2011-05-22 07:39:02 +0900
  Processing by BoardsController#index as HTML
  [1m[36mBoard Load (29.5ms)[0m  [1mSELECT "boards".* FROM "boards"[0m
SQLite3::SQLException: no such table: boards: SELECT "boards".* FROM "boards"
Completed   in 257ms

ActiveRecord::StatementInvalid (SQLite3::SQLException: no such table: boards: SELECT "boards".* FROM "boards"):
  app/controllers/boards_controller.rb:5:in `index'

Rendered /home/akiraabe/.rvm/gems/ruby-1.9.2-p180/gems/actionpack-3.0.7/lib/action_dispatch/middleware/templates/rescues/_trace.erb (4.2ms)
Rendered /home/akiraabe/.rvm/gems/ruby-1.9.2-p180/gems/actionpack-3.0.7/lib/action_dispatch/middleware/templates/rescues/_request_and_response.erb (55.4ms)
Rendered /home/akiraabe/.rvm/gems/ruby-1.9.2-p180/gems/actionpack-3.0.7/lib/action_dispatch/middleware/templates/rescues/diagnostics.erb within rescues/layout (79.7ms)
  [1m[36mSQL (3.7ms)[0m  [1m SELECT name
 FROM sqlite_master
 WHERE type = 'table' AND NOT name = 'sqlite_sequence'
[0m
  [1m[35mSQL (1.1ms)[0m   SELECT name
 FROM sqlite_master
 WHERE type = 'table' AND NOT name = 'sqlite_sequence'
  [1m[36mSQL (0.3ms)[0m  [1mSELECT "schema_migrations"."version" FROM "schema_migrations"[0m
Migrating to DeviseCreateUsers (20110513224719)
Migrating to CreateBoards (20110521223820)
  [1m[35mSQL (0.7ms)[0m  select sqlite_version(*)
  [1m[36mSQL (1.6ms)[0m  [1mCREATE TABLE "boards" ("id" INTEGER PRIMARY KEY AUTOINCREMENT NOT NULL, "name" varchar(255), "kpt_date" date, "created_at" datetime, "updated_at" datetime) [0m
  [1m[35mSQL (0.4ms)[0m  INSERT INTO "schema_migrations" ("version") VALUES ('20110521223820')
  [1m[36mSQL (0.9ms)[0m  [1m SELECT name
 FROM sqlite_master
 WHERE type = 'table' AND NOT name = 'sqlite_sequence'
[0m
  [1m[35mSQL (0.3ms)[0m  SELECT "schema_migrations"."version" FROM "schema_migrations"
  [1m[36mSQL (0.4ms)[0m  [1m SELECT name
 FROM sqlite_master
 WHERE type = 'table' AND NOT name = 'sqlite_sequence'
[0m
  [1m[35mSQL (0.8ms)[0m  PRAGMA index_list("boards")
  [1m[36mSQL (0.1ms)[0m  [1mPRAGMA index_list("people")[0m
  [1m[35mSQL (0.2ms)[0m  PRAGMA index_list("users")
  [1m[36mSQL (0.2ms)[0m  [1mPRAGMA index_info('index_users_on_reset_password_token')[0m
  [1m[35mSQL (0.2ms)[0m  PRAGMA index_info('index_users_on_email')


Started GET "/boards" for 127.0.0.1 at 2011-05-22 07:50:32 +0900
  Processing by BoardsController#index as HTML
  [1m[35mBoard Load (2.8ms)[0m  SELECT "boards".* FROM "boards"
Rendered boards/index.html.erb within layouts/application (333.2ms)
Completed   in 430ms

ActionView::Template::Error (undefined local variable or method `people_path' for #<#<Class:0xa3801f8>:0xa37ca1c>):
    8: </head>
    9: <body>
    10: <%= link_to('Sign out', destroy_user_session_path) if current_user %>
    11: <%= link_to 'Top page', people_path %>
    12: 
    13: <div id="contents">
    14:   <p class="notice"><%= notice %></p>
  app/views/layouts/application.html.erb:11:in `_app_views_layouts_application_html_erb__934348979_85709700__354029099'
  app/controllers/boards_controller.rb:7:in `index'

Rendered /home/akiraabe/.rvm/gems/ruby-1.9.2-p180/gems/actionpack-3.0.7/lib/action_dispatch/middleware/templates/rescues/_trace.erb (8.5ms)
Rendered /home/akiraabe/.rvm/gems/ruby-1.9.2-p180/gems/actionpack-3.0.7/lib/action_dispatch/middleware/templates/rescues/_request_and_response.erb (26.7ms)
Rendered /home/akiraabe/.rvm/gems/ruby-1.9.2-p180/gems/actionpack-3.0.7/lib/action_dispatch/middleware/templates/rescues/template_error.erb within rescues/layout (55.1ms)


Started GET "/boards" for 127.0.0.1 at 2011-05-22 07:52:09 +0900
  Processing by BoardsController#index as HTML
  [1m[36mBoard Load (1.2ms)[0m  [1mSELECT "boards".* FROM "boards"[0m
Rendered boards/index.html.erb within layouts/application (44.6ms)
Completed 200 OK in 216ms (Views: 171.1ms | ActiveRecord: 1.2ms)


Started GET "/users/new" for 127.0.0.1 at 2011-05-22 07:52:38 +0900

ActionController::RoutingError (No route matches "/users/new"):
  

Rendered /home/akiraabe/.rvm/gems/ruby-1.9.2-p180/gems/actionpack-3.0.7/lib/action_dispatch/middleware/templates/rescues/routing_error.erb within rescues/layout (9.1ms)


Started GET "/users/" for 127.0.0.1 at 2011-05-22 07:52:43 +0900

ActionController::RoutingError (No route matches "/users"):
  

Rendered /home/akiraabe/.rvm/gems/ruby-1.9.2-p180/gems/actionpack-3.0.7/lib/action_dispatch/middleware/templates/rescues/routing_error.erb within rescues/layout (2.3ms)


Started GET "/boards/" for 127.0.0.1 at 2011-05-22 08:02:04 +0900
  Processing by BoardsController#index as HTML
Completed   in 34ms


Started GET "/users/sign_in" for 127.0.0.1 at 2011-05-22 08:02:04 +0900
  Processing by Devise::SessionsController#new as HTML
Rendered devise/shared/_links.erb (12.9ms)
Rendered devise/sessions/new.html.erb within layouts/application (41.6ms)
Completed 200 OK in 159ms (Views: 66.7ms | ActiveRecord: 0.0ms)


Started POST "/users/sign_in" for 127.0.0.1 at 2011-05-22 08:02:20 +0900
  Processing by Devise::SessionsController#create as HTML
  Parameters: {"utf8"=>"✓", "authenticity_token"=>"3+h566ZV4OI6i/Baole8cKHbDZ3CAukjqRM2CxvuYaE=", "user"=>{"email"=>"akiraabe2005@yahoo.co.jp", "password"=>"[FILTERED]", "remember_me"=>"0"}, "commit"=>"Sign in"}
  [1m[35mSQL (1.6ms)[0m   SELECT name
 FROM sqlite_master
 WHERE type = 'table' AND NOT name = 'sqlite_sequence'
  [1m[36mUser Load (0.5ms)[0m  [1mSELECT "users".* FROM "users" WHERE "users"."email" = 'akiraabe2005@yahoo.co.jp' LIMIT 1[0m
Completed   in 259ms
  Processing by Devise::SessionsController#new as HTML
  Parameters: {"utf8"=>"✓", "authenticity_token"=>"3+h566ZV4OI6i/Baole8cKHbDZ3CAukjqRM2CxvuYaE=", "user"=>{"email"=>"akiraabe2005@yahoo.co.jp", "password"=>"[FILTERED]", "remember_me"=>"0"}, "commit"=>"Sign in"}
Rendered devise/shared/_links.erb (3.6ms)
Rendered devise/sessions/new.html.erb within layouts/application (31.3ms)
Completed 200 OK in 342ms (Views: 47.6ms | ActiveRecord: 2.1ms)


Started POST "/users/sign_in" for 127.0.0.1 at 2011-05-22 08:02:26 +0900
  Processing by Devise::SessionsController#create as HTML
  Parameters: {"utf8"=>"✓", "authenticity_token"=>"3+h566ZV4OI6i/Baole8cKHbDZ3CAukjqRM2CxvuYaE=", "user"=>{"email"=>"akiraabe2005@yahoo.co.jp", "password"=>"[FILTERED]", "remember_me"=>"0"}, "commit"=>"Sign in"}
  [1m[35mUser Load (1.6ms)[0m  SELECT "users".* FROM "users" WHERE "users"."email" = 'akiraabe2005@yahoo.co.jp' LIMIT 1
Completed   in 224ms
  Processing by Devise::SessionsController#new as HTML
  Parameters: {"utf8"=>"✓", "authenticity_token"=>"3+h566ZV4OI6i/Baole8cKHbDZ3CAukjqRM2CxvuYaE=", "user"=>{"email"=>"akiraabe2005@yahoo.co.jp", "password"=>"[FILTERED]", "remember_me"=>"0"}, "commit"=>"Sign in"}
Rendered devise/shared/_links.erb (5.5ms)
Rendered devise/sessions/new.html.erb within layouts/application (29.3ms)
Completed 200 OK in 394ms (Views: 44.7ms | ActiveRecord: 1.6ms)


Started GET "/users/sign_up" for 127.0.0.1 at 2011-05-22 08:02:34 +0900
  Processing by Devise::RegistrationsController#new as HTML
Rendered devise/shared/_links.erb (5.7ms)
Rendered devise/registrations/new.html.erb within layouts/application (60.8ms)
Completed 200 OK in 232ms (Views: 88.4ms | ActiveRecord: 0.0ms)


Started POST "/users" for 127.0.0.1 at 2011-05-22 08:02:49 +0900
  Processing by Devise::RegistrationsController#create as HTML
  Parameters: {"utf8"=>"✓", "authenticity_token"=>"3+h566ZV4OI6i/Baole8cKHbDZ3CAukjqRM2CxvuYaE=", "user"=>{"email"=>"akiraabe2005@yahoo.co.jp", "password"=>"[FILTERED]", "password_confirmation"=>"[FILTERED]"}, "commit"=>"Sign up"}
  [1m[36mSQL (0.4ms)[0m  [1mSELECT 1 FROM "users" WHERE ("users"."email" = 'akiraabe2005@yahoo.co.jp') LIMIT 1[0m
  [1m[35mAREL (1.4ms)[0m  INSERT INTO "users" ("email", "encrypted_password", "reset_password_token", "reset_password_sent_at", "remember_created_at", "sign_in_count", "current_sign_in_at", "last_sign_in_at", "current_sign_in_ip", "last_sign_in_ip", "created_at", "updated_at") VALUES ('akiraabe2005@yahoo.co.jp', '$2a$10$JQyityt3z2CuvX44Su2TGOipdZfMM.uWBtey1dnP6E0XuxOvTUAU2', NULL, NULL, NULL, 0, NULL, NULL, NULL, NULL, '2011-05-21 23:02:50.604205', '2011-05-21 23:02:50.604205')
  [1m[36mAREL (0.8ms)[0m  [1mUPDATE "users" SET "last_sign_in_at" = '2011-05-21 23:02:50.770935', "current_sign_in_at" = '2011-05-21 23:02:50.770935', "last_sign_in_ip" = '127.0.0.1', "current_sign_in_ip" = '127.0.0.1', "sign_in_count" = 1, "updated_at" = '2011-05-21 23:02:50.771845' WHERE "users"."id" = 2[0m
Redirected to http://localhost:3000/boards
Completed 302 Found in 851ms


Started GET "/boards" for 127.0.0.1 at 2011-05-22 08:02:50 +0900
  Processing by BoardsController#index as HTML
  [1m[35mUser Load (2.0ms)[0m  SELECT "users".* FROM "users" WHERE "users"."id" = 2 LIMIT 1
  [1m[36mBoard Load (3.9ms)[0m  [1mSELECT "boards".* FROM "boards"[0m
Rendered boards/index.html.erb within layouts/application (13.5ms)
Completed 200 OK in 260ms (Views: 36.8ms | ActiveRecord: 5.9ms)


Started GET "/boards/new" for 127.0.0.1 at 2011-05-22 08:02:54 +0900
  Processing by BoardsController#new as HTML
  [1m[35mUser Load (1.4ms)[0m  SELECT "users".* FROM "users" WHERE "users"."id" = 2 LIMIT 1
Rendered boards/_form.html.erb (28.7ms)
Rendered boards/new.html.erb within layouts/application (43.8ms)
Completed 200 OK in 290ms (Views: 82.2ms | ActiveRecord: 1.4ms)


Started POST "/boards" for 127.0.0.1 at 2011-05-22 08:03:06 +0900
  Processing by BoardsController#create as HTML
  Parameters: {"utf8"=>"✓", "authenticity_token"=>"3+h566ZV4OI6i/Baole8cKHbDZ3CAukjqRM2CxvuYaE=", "board"=>{"name"=>"テスト", "kpt_date(1i)"=>"2011", "kpt_date(2i)"=>"5", "kpt_date(3i)"=>"21"}, "commit"=>"Create Board"}
  [1m[36mUser Load (1.2ms)[0m  [1mSELECT "users".* FROM "users" WHERE "users"."id" = 2 LIMIT 1[0m
  [1m[35mAREL (7.4ms)[0m  INSERT INTO "boards" ("name", "kpt_date", "created_at", "updated_at") VALUES ('テスト', '2011-05-21', '2011-05-21 23:03:06.793946', '2011-05-21 23:03:06.793946')
Redirected to http://localhost:3000/boards/1
Completed 302 Found in 425ms


Started GET "/boards/1" for 127.0.0.1 at 2011-05-22 08:03:06 +0900
  Processing by BoardsController#show as HTML
  Parameters: {"id"=>"1"}
  [1m[36mUser Load (1.3ms)[0m  [1mSELECT "users".* FROM "users" WHERE "users"."id" = 2 LIMIT 1[0m
  [1m[35mBoard Load (0.6ms)[0m  SELECT "boards".* FROM "boards" WHERE "boards"."id" = 1 LIMIT 1
Rendered boards/show.html.erb within layouts/application (146.3ms)
Completed 200 OK in 314ms (Views: 162.3ms | ActiveRecord: 10.5ms)


Started GET "/boards" for 127.0.0.1 at 2011-05-22 08:03:10 +0900
  Processing by BoardsController#index as HTML
  [1m[36mUser Load (1.5ms)[0m  [1mSELECT "users".* FROM "users" WHERE "users"."id" = 2 LIMIT 1[0m
  [1m[35mBoard Load (0.8ms)[0m  SELECT "boards".* FROM "boards"
Rendered boards/index.html.erb within layouts/application (96.3ms)
Completed 200 OK in 270ms (Views: 116.9ms | ActiveRecord: 2.3ms)


Started GET "/boards" for 127.0.0.1 at 2011-05-22 08:03:12 +0900
  Processing by BoardsController#index as HTML
  [1m[36mUser Load (1.4ms)[0m  [1mSELECT "users".* FROM "users" WHERE "users"."id" = 2 LIMIT 1[0m
  [1m[35mBoard Load (0.6ms)[0m  SELECT "boards".* FROM "boards"
Rendered boards/index.html.erb within layouts/application (96.0ms)
Completed 200 OK in 271ms (Views: 114.9ms | ActiveRecord: 2.0ms)


Started GET "/users/sign_out" for 127.0.0.1 at 2011-05-22 08:03:22 +0900
  Processing by Devise::SessionsController#destroy as HTML
  [1m[36mUser Load (2.3ms)[0m  [1mSELECT "users".* FROM "users" WHERE "users"."id" = 2 LIMIT 1[0m
Redirected to http://localhost:3000/
Completed 302 Found in 156ms


Started GET "/boards/" for 127.0.0.1 at 2011-05-22 08:03:35 +0900
  Processing by BoardsController#index as HTML
Completed   in 33ms


Started GET "/users/sign_in" for 127.0.0.1 at 2011-05-22 08:03:35 +0900
  Processing by Devise::SessionsController#new as HTML
Rendered devise/shared/_links.erb (3.5ms)
Rendered devise/sessions/new.html.erb within layouts/application (122.4ms)
Completed 200 OK in 219ms (Views: 140.1ms | ActiveRecord: 2.3ms)


Started POST "/users/sign_in" for 127.0.0.1 at 2011-05-22 08:03:49 +0900
  Processing by Devise::SessionsController#create as HTML
  Parameters: {"utf8"=>"✓", "authenticity_token"=>"69/atXXAgFkwqtQyERXr/c7xACLuM0IWzADYWNvJRxc=", "user"=>{"email"=>"akiraabe2005@yahoo.co.jp", "password"=>"[FILTERED]", "remember_me"=>"0"}, "commit"=>"Sign in"}
  [1m[35mUser Load (2.6ms)[0m  SELECT "users".* FROM "users" WHERE "users"."email" = 'akiraabe2005@yahoo.co.jp' LIMIT 1
  [1m[36mAREL (1.1ms)[0m  [1mUPDATE "users" SET "current_sign_in_at" = '2011-05-21 23:03:50.479820', "sign_in_count" = 2, "updated_at" = '2011-05-21 23:03:50.480704' WHERE "users"."id" = 2[0m
Redirected to http://localhost:3000/boards
Completed 302 Found in 525ms


Started GET "/boards" for 127.0.0.1 at 2011-05-22 08:03:50 +0900
  Processing by BoardsController#index as HTML
  [1m[35mUser Load (1.8ms)[0m  SELECT "users".* FROM "users" WHERE "users"."id" = 2 LIMIT 1
  [1m[36mBoard Load (0.6ms)[0m  [1mSELECT "boards".* FROM "boards"[0m
Rendered boards/index.html.erb within layouts/application (30.7ms)
Completed 200 OK in 162ms (Views: 45.9ms | ActiveRecord: 2.4ms)


Started GET "/boards" for 127.0.0.1 at 2011-05-22 08:22:56 +0900
  Processing by BoardsController#index as HTML
  [1m[35mUser Load (1.1ms)[0m  SELECT "users".* FROM "users" WHERE "users"."id" = 2 LIMIT 1
  [1m[36mBoard Load (0.4ms)[0m  [1mSELECT "boards".* FROM "boards"[0m
Rendered boards/index.html.erb within layouts/application (46.2ms)
Completed 200 OK in 175ms (Views: 60.3ms | ActiveRecord: 1.6ms)


Started GET "/boards" for 127.0.0.1 at 2011-05-22 08:37:58 +0900
  Processing by BoardsController#index as HTML
  [1m[35mUser Load (1.5ms)[0m  SELECT "users".* FROM "users" WHERE "users"."id" = 2 LIMIT 1
  [1m[36mBoard Load (1.7ms)[0m  [1mSELECT "boards".* FROM "boards"[0m
Rendered boards/index.html.erb within layouts/application (43.5ms)
Completed 200 OK in 268ms (Views: 66.2ms | ActiveRecord: 3.2ms)


Started GET "/users/sign_out" for 127.0.0.1 at 2011-05-22 08:38:00 +0900
  Processing by Devise::SessionsController#destroy as HTML
  [1m[35mUser Load (5.3ms)[0m  SELECT "users".* FROM "users" WHERE "users"."id" = 2 LIMIT 1
Redirected to http://localhost:3000/
Completed 302 Found in 134ms


Started GET "/boards" for 127.0.0.1 at 2011-05-22 08:38:08 +0900
  Processing by BoardsController#index as HTML
Completed   in 197ms


Started GET "/users/sign_in" for 127.0.0.1 at 2011-05-22 08:38:09 +0900
  Processing by Devise::SessionsController#new as HTML
Rendered devise/shared/_links.erb (3.9ms)
Rendered devise/sessions/new.html.erb within layouts/application (25.7ms)
Completed 200 OK in 132ms (Views: 38.5ms | ActiveRecord: 5.3ms)


Started GET "/users/sign_up" for 127.0.0.1 at 2011-05-22 08:38:11 +0900
  Processing by Devise::RegistrationsController#new as HTML
Rendered devise/shared/_links.erb (4.8ms)
Rendered devise/registrations/new.html.erb within layouts/application (56.4ms)
Completed 200 OK in 145ms (Views: 75.3ms | ActiveRecord: 0.0ms)
  [1m[36mUser Load (5.3ms)[0m  [1mSELECT "users".* FROM "users"[0m
  [1m[35mUser Load (1.4ms)[0m  SELECT "users".* FROM "users"
  [1m[36mSQL (3.3ms)[0m  [1m SELECT name
 FROM sqlite_master
 WHERE type = 'table' AND NOT name = 'sqlite_sequence'
[0m
  [1m[35mSQL (0.4ms)[0m   SELECT name
 FROM sqlite_master
 WHERE type = 'table' AND NOT name = 'sqlite_sequence'
  [1m[36mSQL (4.6ms)[0m  [1mSELECT "schema_migrations"."version" FROM "schema_migrations"[0m
Migrating to DeviseCreateUsers (20110513224719)
Migrating to CreateBoards (20110521223820)
Migrating to AddUserNameToUsers (20110521234306)
  [1m[35mSQL (0.2ms)[0m  select sqlite_version(*)
  [1m[36mSQL (22.4ms)[0m  [1mALTER TABLE "users" ADD "user_name" varchar(255)[0m
  [1m[35mSQL (0.5ms)[0m  INSERT INTO "schema_migrations" ("version") VALUES ('20110521234306')
  [1m[36mSQL (0.6ms)[0m  [1m SELECT name
 FROM sqlite_master
 WHERE type = 'table' AND NOT name = 'sqlite_sequence'
[0m
  [1m[35mSQL (0.3ms)[0m  SELECT "schema_migrations"."version" FROM "schema_migrations"
  [1m[36mSQL (0.5ms)[0m  [1m SELECT name
 FROM sqlite_master
 WHERE type = 'table' AND NOT name = 'sqlite_sequence'
[0m
  [1m[35mSQL (0.1ms)[0m  PRAGMA index_list("boards")
  [1m[36mSQL (0.0ms)[0m  [1mPRAGMA index_list("people")[0m
  [1m[35mSQL (0.2ms)[0m  PRAGMA index_list("users")
  [1m[36mSQL (0.1ms)[0m  [1mPRAGMA index_info('index_users_on_reset_password_token')[0m
  [1m[35mSQL (0.1ms)[0m  PRAGMA index_info('index_users_on_email')
  [1m[36mUser Load (3.1ms)[0m  [1mSELECT "users".* FROM "users"[0m
  [1m[35mSQL (1.7ms)[0m   SELECT name
 FROM sqlite_master
 WHERE type = 'table' AND NOT name = 'sqlite_sequence'
  [1m[36mUser Load (1.0ms)[0m  [1mSELECT "users".* FROM "users" WHERE "users"."id" = 1 LIMIT 1[0m
  [1m[35mUser Load (1.9ms)[0m  SELECT "users".* FROM "users" WHERE "users"."id" = 1 LIMIT 1
  [1m[36mUser Load (3.5ms)[0m  [1mSELECT "users".* FROM "users" WHERE "users"."id" = 1 LIMIT 1[0m
  [1m[35mUser Load (2.7ms)[0m  SELECT "users".* FROM "users" WHERE "users"."id" = 1 LIMIT 1
  [1m[36mUser Load (3.9ms)[0m  [1mSELECT "users".* FROM "users" WHERE "users"."id" = 2 LIMIT 1[0m
  [1m[35mUser Load (3.6ms)[0m  SELECT "users".* FROM "users" WHERE "users"."id" = 2 LIMIT 1
  [1m[36mAREL (1.7ms)[0m  [1mDELETE FROM "users" WHERE "users"."id" = 2[0m
  [1m[35mUser Load (4.0ms)[0m  SELECT "users".* FROM "users"


Started GET "/boards" for 127.0.0.1 at 2011-05-22 08:52:23 +0900
  Processing by BoardsController#index as HTML
Completed   in 67ms


Started GET "/users/sign_in" for 127.0.0.1 at 2011-05-22 08:52:24 +0900
  Processing by Devise::SessionsController#new as HTML
Rendered devise/shared/_links.erb (7.2ms)
Rendered devise/sessions/new.html.erb within layouts/application (133.2ms)
Completed 200 OK in 229ms (Views: 148.7ms | ActiveRecord: 0.0ms)


Started GET "/users/sign_up" for 127.0.0.1 at 2011-05-22 08:52:29 +0900
  Processing by Devise::RegistrationsController#new as HTML
Rendered devise/registrations/new.html.erb within layouts/application (58.5ms)
Completed   in 162ms

ActionView::Template::Error (undefined method `use_name' for #<User:0xa22c040>):
    13:   <%= f.password_field :password_confirmation %></p>
    14: 
    15:   <p><%= f.label :use_name %><br />
    16:   <%= f.text_field :use_name %></p>
    17: 
    18:   <p><%= f.submit "Sign up" %></p>
    19: <% end %>
  app/views/devise/registrations/new.html.erb:16:in `block in _app_views_devise_registrations_new_html_erb___249266160_84761930__354029099'
  app/views/devise/registrations/new.html.erb:3:in `_app_views_devise_registrations_new_html_erb___249266160_84761930__354029099'

Rendered /home/akiraabe/.rvm/gems/ruby-1.9.2-p180/gems/actionpack-3.0.7/lib/action_dispatch/middleware/templates/rescues/_trace.erb (6.8ms)
Rendered /home/akiraabe/.rvm/gems/ruby-1.9.2-p180/gems/actionpack-3.0.7/lib/action_dispatch/middleware/templates/rescues/_request_and_response.erb (18.5ms)
Rendered /home/akiraabe/.rvm/gems/ruby-1.9.2-p180/gems/actionpack-3.0.7/lib/action_dispatch/middleware/templates/rescues/template_error.erb within rescues/layout (38.9ms)


Started GET "/users/sign_up" for 127.0.0.1 at 2011-05-22 09:03:08 +0900
  Processing by Devise::RegistrationsController#new as HTML
Rendered devise/shared/_links.erb (9.3ms)
Rendered devise/registrations/new.html.erb within layouts/application (102.9ms)
Completed 200 OK in 270ms (Views: 130.1ms | ActiveRecord: 0.0ms)


Started POST "/users" for 127.0.0.1 at 2011-05-22 09:03:44 +0900
  Processing by Devise::RegistrationsController#create as HTML
  Parameters: {"utf8"=>"✓", "authenticity_token"=>"CXlOA1GK61jdJVxxl4FJMwFJhxsA3kzpYI34Lq18XHM=", "user"=>{"email"=>"akiraabe2005@yahoo.co.jp", "password"=>"[FILTERED]", "password_confirmation"=>"[FILTERED]", "user_name"=>"阿部　啓"}, "commit"=>"Sign up"}
WARNING: Can't mass-assign protected attributes: user_name
  [1m[36mSQL (0.4ms)[0m  [1mSELECT 1 FROM "users" WHERE ("users"."email" = 'akiraabe2005@yahoo.co.jp') LIMIT 1[0m
  [1m[35mSQL (0.4ms)[0m   SELECT name
 FROM sqlite_master
 WHERE type = 'table' AND NOT name = 'sqlite_sequence'
  [1m[36mAREL (1.8ms)[0m  [1mINSERT INTO "users" ("email", "encrypted_password", "reset_password_token", "reset_password_sent_at", "remember_created_at", "sign_in_count", "current_sign_in_at", "last_sign_in_at", "current_sign_in_ip", "last_sign_in_ip", "created_at", "updated_at", "user_name") VALUES ('akiraabe2005@yahoo.co.jp', '$2a$10$vlZb9Agmb9HrzPMI3QcYyumZf9fs43OF0Y4wzr5Tw9tNSin1eJW02', NULL, NULL, NULL, 0, NULL, NULL, NULL, NULL, '2011-05-22 00:03:45.517519', '2011-05-22 00:03:45.517519', NULL)[0m
  [1m[35mAREL (2.0ms)[0m  UPDATE "users" SET "last_sign_in_at" = '2011-05-22 00:03:45.610991', "current_sign_in_at" = '2011-05-22 00:03:45.610991', "last_sign_in_ip" = '127.0.0.1', "current_sign_in_ip" = '127.0.0.1', "sign_in_count" = 1, "updated_at" = '2011-05-22 00:03:45.616077' WHERE "users"."id" = 3
Redirected to http://localhost:3000/boards
Completed 302 Found in 1352ms


Started GET "/boards" for 127.0.0.1 at 2011-05-22 09:03:45 +0900
  Processing by BoardsController#index as HTML
  [1m[36mUser Load (1.7ms)[0m  [1mSELECT "users".* FROM "users" WHERE "users"."id" = 3 LIMIT 1[0m
  [1m[35mBoard Load (0.6ms)[0m  SELECT "boards".* FROM "boards"
Rendered boards/index.html.erb within layouts/application (44.7ms)
Completed 200 OK in 374ms (Views: 66.4ms | ActiveRecord: 2.2ms)
  [1m[36mUser Load (4.3ms)[0m  [1mSELECT "users".* FROM "users" WHERE "users"."id" = 1 LIMIT 1[0m
  [1m[35mUser Load (3.7ms)[0m  SELECT "users".* FROM "users"
  [1m[36mUser Load (8.2ms)[0m  [1mSELECT "users".* FROM "users" WHERE "users"."id" = 3 LIMIT 1[0m
  [1m[35mUser Load (3.7ms)[0m  SELECT "users".* FROM "users" WHERE "users"."id" = 3 LIMIT 1
  [1m[36mAREL (1.4ms)[0m  [1mDELETE FROM "users" WHERE "users"."id" = 3[0m
  [1m[35mUser Load (1.9ms)[0m  SELECT "users".* FROM "users"


Started GET "/boards" for 127.0.0.1 at 2011-05-22 09:14:35 +0900
  Processing by BoardsController#index as HTML
  [1m[36mUser Load (0.4ms)[0m  [1mSELECT "users".* FROM "users" WHERE "users"."id" = 3 LIMIT 1[0m
Completed   in 91ms


Started GET "/users/sign_in" for 127.0.0.1 at 2011-05-22 09:14:36 +0900
  Processing by Devise::SessionsController#new as HTML
Rendered devise/shared/_links.erb (3.8ms)
Rendered devise/sessions/new.html.erb within layouts/application (29.1ms)
Completed 200 OK in 217ms (Views: 51.2ms | ActiveRecord: 0.4ms)


Started POST "/users/sign_in" for 127.0.0.1 at 2011-05-22 09:14:38 +0900
  Processing by Devise::SessionsController#create as HTML
  Parameters: {"utf8"=>"✓", "authenticity_token"=>"CXlOA1GK61jdJVxxl4FJMwFJhxsA3kzpYI34Lq18XHM=", "user"=>{"email"=>"", "password"=>"[FILTERED]", "remember_me"=>"0"}, "commit"=>"Sign in"}
Completed   in 80ms
  Processing by Devise::SessionsController#new as HTML
  Parameters: {"utf8"=>"✓", "authenticity_token"=>"CXlOA1GK61jdJVxxl4FJMwFJhxsA3kzpYI34Lq18XHM=", "user"=>{"email"=>"", "password"=>"[FILTERED]", "remember_me"=>"0"}, "commit"=>"Sign in"}
Rendered devise/shared/_links.erb (3.9ms)
Rendered devise/sessions/new.html.erb within layouts/application (31.8ms)
Completed 200 OK in 196ms (Views: 47.2ms | ActiveRecord: 0.0ms)


Started GET "/users/sign_up" for 127.0.0.1 at 2011-05-22 09:14:40 +0900
  Processing by Devise::RegistrationsController#new as HTML
Rendered devise/shared/_links.erb (3.8ms)
Rendered devise/registrations/new.html.erb within layouts/application (57.5ms)
Completed 200 OK in 166ms (Views: 71.8ms | ActiveRecord: 0.0ms)


Started POST "/users" for 127.0.0.1 at 2011-05-22 09:14:59 +0900
  Processing by Devise::RegistrationsController#create as HTML
  Parameters: {"utf8"=>"✓", "authenticity_token"=>"CXlOA1GK61jdJVxxl4FJMwFJhxsA3kzpYI34Lq18XHM=", "user"=>{"email"=>"akiraabe2005@yahoo.co.jp", "password"=>"[FILTERED]", "password_confirmation"=>"[FILTERED]", "user_name"=>"akira_abe"}, "commit"=>"Sign up"}
WARNING: Can't mass-assign protected attributes: user_name
  [1m[35mSQL (0.3ms)[0m  SELECT 1 FROM "users" WHERE ("users"."email" = 'akiraabe2005@yahoo.co.jp') LIMIT 1
Rendered devise/shared/_links.erb (10.0ms)
Rendered devise/registrations/new.html.erb within layouts/application (50.4ms)
Completed 200 OK in 505ms (Views: 79.5ms | ActiveRecord: 0.3ms)


Started POST "/users" for 127.0.0.1 at 2011-05-22 09:15:14 +0900
  Processing by Devise::RegistrationsController#create as HTML
  Parameters: {"utf8"=>"✓", "authenticity_token"=>"CXlOA1GK61jdJVxxl4FJMwFJhxsA3kzpYI34Lq18XHM=", "user"=>{"email"=>"akiraabe2005@yahoo.co.jp", "password"=>"[FILTERED]", "password_confirmation"=>"[FILTERED]", "user_name"=>"akira_abe"}, "commit"=>"Sign up"}
WARNING: Can't mass-assign protected attributes: user_name
  [1m[36mSQL (0.6ms)[0m  [1mSELECT 1 FROM "users" WHERE ("users"."email" = 'akiraabe2005@yahoo.co.jp') LIMIT 1[0m
  [1m[35mAREL (1.9ms)[0m  INSERT INTO "users" ("email", "encrypted_password", "reset_password_token", "reset_password_sent_at", "remember_created_at", "sign_in_count", "current_sign_in_at", "last_sign_in_at", "current_sign_in_ip", "last_sign_in_ip", "created_at", "updated_at", "user_name") VALUES ('akiraabe2005@yahoo.co.jp', '$2a$10$X2N4CbZxzdQpYfE2ZNRFfOxD69wttkFLYmo7G6XT9WcbuUPWdptme', NULL, NULL, NULL, 0, NULL, NULL, NULL, NULL, '2011-05-22 00:15:15.692852', '2011-05-22 00:15:15.692852', NULL)
  [1m[36mAREL (0.6ms)[0m  [1mUPDATE "users" SET "last_sign_in_at" = '2011-05-22 00:15:15.783530', "current_sign_in_at" = '2011-05-22 00:15:15.783530', "last_sign_in_ip" = '127.0.0.1', "current_sign_in_ip" = '127.0.0.1', "sign_in_count" = 1, "updated_at" = '2011-05-22 00:15:15.784352' WHERE "users"."id" = 4[0m
Redirected to http://localhost:3000/boards
Completed 302 Found in 581ms


Started GET "/boards" for 127.0.0.1 at 2011-05-22 09:15:15 +0900
  Processing by BoardsController#index as HTML
  [1m[35mUser Load (2.9ms)[0m  SELECT "users".* FROM "users" WHERE "users"."id" = 4 LIMIT 1
  [1m[36mBoard Load (0.2ms)[0m  [1mSELECT "boards".* FROM "boards"[0m
Rendered boards/index.html.erb within layouts/application (36.1ms)
Completed 200 OK in 211ms (Views: 53.0ms | ActiveRecord: 3.1ms)


Started GET "/boards" for 127.0.0.1 at 2011-05-22 09:22:02 +0900
  Processing by BoardsController#index as HTML
  [1m[35mUser Load (1.5ms)[0m  SELECT "users".* FROM "users" WHERE "users"."id" = 4 LIMIT 1
  [1m[36mBoard Load (0.0ms)[0m  [1mSELECT "boards".* FROM "boards"[0m
Rendered boards/index.html.erb within layouts/application (40.2ms)
Completed 200 OK in 231ms (Views: 62.3ms | ActiveRecord: 1.5ms)


Started GET "/users/sign_out" for 127.0.0.1 at 2011-05-22 09:22:04 +0900
  Processing by Devise::SessionsController#destroy as HTML
  [1m[35mUser Load (1.5ms)[0m  SELECT "users".* FROM "users" WHERE "users"."id" = 4 LIMIT 1
Redirected to http://localhost:3000/
Completed 302 Found in 163ms


Started GET "/boards" for 127.0.0.1 at 2011-05-22 09:22:11 +0900
  Processing by BoardsController#index as HTML
Completed   in 191ms


Started GET "/users/sign_in" for 127.0.0.1 at 2011-05-22 09:22:11 +0900
  Processing by Devise::SessionsController#new as HTML
Rendered devise/shared/_links.erb (6.4ms)
Rendered devise/sessions/new.html.erb within layouts/application (30.8ms)
Completed 200 OK in 135ms (Views: 47.6ms | ActiveRecord: 1.5ms)


Started GET "/users/sign_up" for 127.0.0.1 at 2011-05-22 09:22:14 +0900
  Processing by Devise::RegistrationsController#new as HTML
Rendered devise/shared/_links.erb (3.8ms)
Rendered devise/registrations/new.html.erb within layouts/application (80.7ms)
Completed 200 OK in 189ms (Views: 112.2ms | ActiveRecord: 0.0ms)


Started GET "/users/sign_up/1" for 127.0.0.1 at 2011-05-22 09:23:38 +0900

ActionController::RoutingError (No route matches "/users/sign_up/1"):
  

Rendered /home/akiraabe/.rvm/gems/ruby-1.9.2-p180/gems/actionpack-3.0.7/lib/action_dispatch/middleware/templates/rescues/routing_error.erb within rescues/layout (2.5ms)


Started GET "/users/sign_up" for 127.0.0.1 at 2011-05-22 09:23:43 +0900
  Processing by Devise::RegistrationsController#new as HTML
Rendered devise/shared/_links.erb (6.6ms)
Rendered devise/registrations/new.html.erb within layouts/application (87.1ms)
Completed 200 OK in 176ms (Views: 109.8ms | ActiveRecord: 0.0ms)
  [1m[36mUser Load (7.9ms)[0m  [1mSELECT "users".* FROM "users"[0m
  [1m[35mUser Load (4.1ms)[0m  SELECT "users".* FROM "users"
  [1m[36mUser Load (2.7ms)[0m  [1mSELECT "users".* FROM "users" WHERE "users"."id" = 4 LIMIT 1[0m
  [1m[35mUser Load (3.1ms)[0m  SELECT "users".* FROM "users" WHERE "users"."id" = 4 LIMIT 1
  [1m[36mUser Load (4.4ms)[0m  [1mSELECT "users".* FROM "users" WHERE "users"."id" = 4 LIMIT 1[0m
  [1m[35mAREL (1.3ms)[0m  DELETE FROM "users" WHERE "users"."id" = 4


Started POST "/users" for 127.0.0.1 at 2011-05-22 09:28:34 +0900
  Processing by Devise::RegistrationsController#create as HTML
  Parameters: {"utf8"=>"✓", "authenticity_token"=>"eCJ9yoJRt/aESVUfOnrBxFYtV7ArIRcnzb6DI0VQZMs=", "user"=>{"email"=>"akiraabe2005@yahoo.co.jp", "password"=>"[FILTERED]", "password_confirmation"=>"[FILTERED]", "user_name"=>"akira_abe"}, "commit"=>"Sign up"}
  [1m[36mSQL (0.3ms)[0m  [1mSELECT 1 FROM "users" WHERE ("users"."email" = 'akiraabe2005@yahoo.co.jp') LIMIT 1[0m
  [1m[35mAREL (2.5ms)[0m  INSERT INTO "users" ("email", "encrypted_password", "reset_password_token", "reset_password_sent_at", "remember_created_at", "sign_in_count", "current_sign_in_at", "last_sign_in_at", "current_sign_in_ip", "last_sign_in_ip", "created_at", "updated_at", "user_name") VALUES ('akiraabe2005@yahoo.co.jp', '$2a$10$qMecRq4swTqGA40Jf4ITdeKgkhY9XBrNaLGlQYXLpwgx7G9FwkVoW', NULL, NULL, NULL, 0, NULL, NULL, NULL, NULL, '2011-05-22 00:28:35.009259', '2011-05-22 00:28:35.009259', 'akira_abe')
  [1m[36mAREL (1.1ms)[0m  [1mUPDATE "users" SET "last_sign_in_at" = '2011-05-22 00:28:35.095997', "current_sign_in_at" = '2011-05-22 00:28:35.095997', "last_sign_in_ip" = '127.0.0.1', "current_sign_in_ip" = '127.0.0.1', "sign_in_count" = 1, "updated_at" = '2011-05-22 00:28:35.099010' WHERE "users"."id" = 5[0m
Redirected to http://localhost:3000/boards
Completed 302 Found in 638ms


Started GET "/boards" for 127.0.0.1 at 2011-05-22 09:28:35 +0900
  Processing by BoardsController#index as HTML
  [1m[35mUser Load (1.5ms)[0m  SELECT "users".* FROM "users" WHERE "users"."id" = 5 LIMIT 1
  [1m[36mBoard Load (1.6ms)[0m  [1mSELECT "boards".* FROM "boards"[0m
Rendered boards/index.html.erb within layouts/application (36.3ms)
Completed 200 OK in 214ms (Views: 53.4ms | ActiveRecord: 3.1ms)
  [1m[36mUser Load (1.0ms)[0m  [1mSELECT "users".* FROM "users" WHERE "users"."id" = 4 LIMIT 1[0m
  [1m[35mUser Load (2.8ms)[0m  SELECT "users".* FROM "users" WHERE "users"."id" = 5 LIMIT 1
